<?xml version="1.0" encoding="UTF-8"?>
<testsuites name="User Management" time="343.171" tests="10" failures="0" errors="0">
   <testsuite name="User Management" tests="10" failures="0" errors="0" time="343.171" skipped="0" timestamp="29-01-2024T23:08:35" hostname="niam - zerone" id="Test Suites/User Management">
      <properties>
         <property name="deviceName" value=""/>
         <property name="devicePlatform" value=""/>
         <property name="logFolder" value="/media/niam/New Volume1/MATERI/Portfolio/katalon/OrangeHRM_Katalon/Reports/20240129_230826/User Management/20240129_230826"/>
         <property name="logFiles" value="/media/niam/New Volume1/MATERI/Portfolio/katalon/OrangeHRM_Katalon/Reports/20240129_230826/User Management/20240129_230826/execution0.log"/>
         <property name="attachments" value=""/>
         <property name="hostName" value="niam - zerone"/>
         <property name="os" value="Linux 64bit"/>
         <property name="katalonVersion" value="9.2.0.212"/>
         <property name="browser" value="Chrome 121.0.0.0"/>
         <property name="hostAddress" value="127.0.1.1"/>
         <property name="sessionId" value="e6a9b1de3d48a40a0b0d7b211ccd1b65"/>
         <property name="seleniumVersion" value="3.141.59"/>
         <property name="proxyInformation" value="ProxyInformation { proxyOption=NO_PROXY, proxyServerType=HTTP, username=, password=********, proxyServerAddress=, proxyServerPort=0, executionList=&quot;&quot;, isApplyToDesiredCapabilities=true }"/>
         <property name="platform" value="Linux"/>
      </properties>
      <testcase name="Test Cases/Features/Admin/TC_Admin_001_Access Admin Menu" time="27.057" classname="Test Cases/Features/Admin/TC_Admin_001_Access Admin Menu" status="PASSED">
         <system-out><![CDATA[29-01-2024T23:08:36 - [TEST_CASE][PASSED] - Test Cases/Features/Admin/TC_Admin_001_Access Admin Menu: Test Cases/Features/Admin/TC_Admin_001_Access Admin Menu

29-01-2024T23:08:37 - [TEST_STEP][PASSED] - callTestCase(findTestCase("Login/Login Valid Admin"), [:], STOP_ON_FAILURE): Call Test Case 'Test Cases/Login/Login Valid Admin' successfully

29-01-2024T23:08:37 - [TEST_CASE][PASSED] - Test Cases/Login/Login Valid Admin: Test Cases/Login/Login Valid Admin

29-01-2024T23:08:37 - [TEST_STEP][PASSED] - openBrowser(""): Browser is opened with url: ''

29-01-2024T23:08:38 - [MESSAGE][INFO] - Starting 'Chrome' driver

29-01-2024T23:08:39 - [MESSAGE][INFO] - Action delay is set to 0 milliseconds

29-01-2024T23:08:42 - [MESSAGE][PASSED] - Browser is opened with url: ''

29-01-2024T23:08:42 - [TEST_STEP][PASSED] - navigateToUrl(BASE_URL): Navigate to 'https://opensource-demo.orangehrmlive.com/web/index.php/auth/login' successfully

29-01-2024T23:08:52 - [MESSAGE][PASSED] - Navigate to 'https://opensource-demo.orangehrmlive.com/web/index.php/auth/login' successfully

29-01-2024T23:08:52 - [TEST_STEP][PASSED] - setText(findTestObject("Object Repository/Page_OrangeHRM/input_username"), G_USERNAME): Text 'Admin' is set on object 'Object Repository/Page_OrangeHRM/input_username'

29-01-2024T23:08:54 - [MESSAGE][PASSED] - Text 'Admin' is set on object 'Object Repository/Page_OrangeHRM/input_username'

29-01-2024T23:08:54 - [TEST_STEP][PASSED] - setEncryptedText(findTestObject("Object Repository/Page_OrangeHRM/input_password"), PASSWORD): Text ****** has been set on object 'Object Repository/Page_OrangeHRM/input_password'

29-01-2024T23:08:55 - [MESSAGE][PASSED] - Text ****** has been set on object 'Object Repository/Page_OrangeHRM/input_password'

29-01-2024T23:08:55 - [TEST_STEP][PASSED] - click(findTestObject("Object Repository/Page_OrangeHRM/button_Login")): Object: 'Object Repository/Page_OrangeHRM/button_Login' is clicked on

29-01-2024T23:08:55 - [MESSAGE][PASSED] - Object: 'Object Repository/Page_OrangeHRM/button_Login' is clicked on

29-01-2024T23:08:55 - [TEST_STEP][PASSED] - verifyElementVisible(findTestObject("Object Repository/Page_OrangeHRM/img_oxd-userdropdown-img")): Object 'Object Repository/Page_OrangeHRM/img_oxd-userdropdown-img' is visible

29-01-2024T23:09:00 - [MESSAGE][PASSED] - Object 'Object Repository/Page_OrangeHRM/img_oxd-userdropdown-img' is visible

29-01-2024T23:09:00 - [MESSAGE][PASSED] - Call Test Case 'Test Cases/Login/Login Valid Admin' successfully

29-01-2024T23:09:00 - [TEST_STEP][PASSED] - click(findTestObject("Object Repository/Page_OrangeHRM/a_Admin")): Object: 'Object Repository/Page_OrangeHRM/a_Admin' is clicked on

29-01-2024T23:09:01 - [MESSAGE][PASSED] - Object: 'Object Repository/Page_OrangeHRM/a_Admin' is clicked on

29-01-2024T23:09:01 - [TEST_STEP][PASSED] - verifyElementPresent(findTestObject("Object Repository/Page_OrangeHRM/h5_System Users"), 0): Object 'Object Repository/Page_OrangeHRM/h5_System Users' is present

29-01-2024T23:09:01 - [MESSAGE][WARNING] - Timeout '0' is invalid. Using default page load timeout: '30'

29-01-2024T23:09:03 - [MESSAGE][PASSED] - Object 'Object Repository/Page_OrangeHRM/h5_System Users' is present]]></system-out>
         <system-err><![CDATA[]]></system-err>
      </testcase>
      <testcase name="Test Cases/Features/Admin/TC_Admin_002_Add New User" time="36.741" classname="Test Cases/Features/Admin/TC_Admin_002_Add New User" status="PASSED">
         <system-out><![CDATA[29-01-2024T23:09:03 - [TEST_CASE][PASSED] - Test Cases/Features/Admin/TC_Admin_002_Add New User: Test Cases/Features/Admin/TC_Admin_002_Add New User

29-01-2024T23:09:03 - [TEST_STEP][PASSED] - callTestCase(findTestCase("Features/Admin/TC_Admin_001_Access Admin Menu"), [:], STOP_ON_FAILURE): Call Test Case 'Test Cases/Features/Admin/TC_Admin_001_Access Admin Menu' successfully

29-01-2024T23:09:03 - [TEST_CASE][PASSED] - Test Cases/Features/Admin/TC_Admin_001_Access Admin Menu: Test Cases/Features/Admin/TC_Admin_001_Access Admin Menu

29-01-2024T23:09:04 - [TEST_STEP][PASSED] - callTestCase(findTestCase("Login/Login Valid Admin"), [:], STOP_ON_FAILURE): Call Test Case 'Test Cases/Login/Login Valid Admin' successfully

29-01-2024T23:09:04 - [TEST_CASE][PASSED] - Test Cases/Login/Login Valid Admin: Test Cases/Login/Login Valid Admin

29-01-2024T23:09:04 - [TEST_STEP][PASSED] - openBrowser(""): Browser is opened with url: ''

29-01-2024T23:09:04 - [MESSAGE][WARNING] - A browser is already opened. Closing browser and opening a new one

29-01-2024T23:09:04 - [MESSAGE][INFO] - Starting 'Chrome' driver

29-01-2024T23:09:04 - [MESSAGE][INFO] - Action delay is set to 0 milliseconds

29-01-2024T23:09:06 - [MESSAGE][PASSED] - Browser is opened with url: ''

29-01-2024T23:09:06 - [TEST_STEP][PASSED] - navigateToUrl(BASE_URL): Navigate to 'https://opensource-demo.orangehrmlive.com/web/index.php/auth/login' successfully

29-01-2024T23:09:11 - [MESSAGE][PASSED] - Navigate to 'https://opensource-demo.orangehrmlive.com/web/index.php/auth/login' successfully

29-01-2024T23:09:11 - [TEST_STEP][PASSED] - setText(findTestObject("Object Repository/Page_OrangeHRM/input_username"), G_USERNAME): Text 'Admin' is set on object 'Object Repository/Page_OrangeHRM/input_username'

29-01-2024T23:09:13 - [MESSAGE][PASSED] - Text 'Admin' is set on object 'Object Repository/Page_OrangeHRM/input_username'

29-01-2024T23:09:13 - [TEST_STEP][PASSED] - setEncryptedText(findTestObject("Object Repository/Page_OrangeHRM/input_password"), PASSWORD): Text ****** has been set on object 'Object Repository/Page_OrangeHRM/input_password'

29-01-2024T23:09:14 - [MESSAGE][PASSED] - Text ****** has been set on object 'Object Repository/Page_OrangeHRM/input_password'

29-01-2024T23:09:14 - [TEST_STEP][PASSED] - click(findTestObject("Object Repository/Page_OrangeHRM/button_Login")): Object: 'Object Repository/Page_OrangeHRM/button_Login' is clicked on

29-01-2024T23:09:14 - [MESSAGE][PASSED] - Object: 'Object Repository/Page_OrangeHRM/button_Login' is clicked on

29-01-2024T23:09:14 - [TEST_STEP][PASSED] - verifyElementVisible(findTestObject("Object Repository/Page_OrangeHRM/img_oxd-userdropdown-img")): Object 'Object Repository/Page_OrangeHRM/img_oxd-userdropdown-img' is visible

29-01-2024T23:09:21 - [MESSAGE][PASSED] - Object 'Object Repository/Page_OrangeHRM/img_oxd-userdropdown-img' is visible

29-01-2024T23:09:21 - [MESSAGE][PASSED] - Call Test Case 'Test Cases/Login/Login Valid Admin' successfully

29-01-2024T23:09:21 - [TEST_STEP][PASSED] - click(findTestObject("Object Repository/Page_OrangeHRM/a_Admin")): Object: 'Object Repository/Page_OrangeHRM/a_Admin' is clicked on

29-01-2024T23:09:23 - [MESSAGE][PASSED] - Object: 'Object Repository/Page_OrangeHRM/a_Admin' is clicked on

29-01-2024T23:09:23 - [TEST_STEP][PASSED] - verifyElementPresent(findTestObject("Object Repository/Page_OrangeHRM/h5_System Users"), 0): Object 'Object Repository/Page_OrangeHRM/h5_System Users' is present

29-01-2024T23:09:23 - [MESSAGE][WARNING] - Timeout '0' is invalid. Using default page load timeout: '30'

29-01-2024T23:09:25 - [MESSAGE][PASSED] - Object 'Object Repository/Page_OrangeHRM/h5_System Users' is present

29-01-2024T23:09:25 - [MESSAGE][PASSED] - Call Test Case 'Test Cases/Features/Admin/TC_Admin_001_Access Admin Menu' successfully

29-01-2024T23:09:25 - [TEST_STEP][PASSED] - click(findTestObject("Admin_Menu/User_Management/Users/button_Add_User")): Object: 'Object Repository/Admin_Menu/User_Management/Users/button_Add_User' is clicked on

29-01-2024T23:09:28 - [MESSAGE][PASSED] - Object: 'Object Repository/Admin_Menu/User_Management/Users/button_Add_User' is clicked on

29-01-2024T23:09:28 - [TEST_STEP][PASSED] - verifyElementPresent(findTestObject("Admin_Menu/User_Management/Users/Add User/h6_Add User"), 0): Object 'Object Repository/Admin_Menu/User_Management/Users/Add User/h6_Add User' is present

29-01-2024T23:09:28 - [MESSAGE][WARNING] - Timeout '0' is invalid. Using default page load timeout: '30'

29-01-2024T23:09:29 - [MESSAGE][PASSED] - Object 'Object Repository/Admin_Menu/User_Management/Users/Add User/h6_Add User' is present

29-01-2024T23:09:29 - [TEST_STEP][PASSED] - click(findTestObject("Admin_Menu/User_Management/Users/Add User/dropdown_role")): Object: 'Object Repository/Admin_Menu/User_Management/Users/Add User/dropdown_role' is clicked on

29-01-2024T23:09:29 - [MESSAGE][PASSED] - Object: 'Object Repository/Admin_Menu/User_Management/Users/Add User/dropdown_role' is clicked on

29-01-2024T23:09:29 - [TEST_STEP][PASSED] - click(findTestObject("Admin_Menu/User_Management/Users/Add User/div_Admin")): Object: 'Object Repository/Admin_Menu/User_Management/Users/Add User/div_Admin' is clicked on

29-01-2024T23:09:30 - [MESSAGE][PASSED] - Object: 'Object Repository/Admin_Menu/User_Management/Users/Add User/div_Admin' is clicked on

29-01-2024T23:09:30 - [TEST_STEP][PASSED] - click(findTestObject("Admin_Menu/User_Management/Users/Add User/dropdown_status")): Object: 'Object Repository/Admin_Menu/User_Management/Users/Add User/dropdown_status' is clicked on

29-01-2024T23:09:30 - [MESSAGE][PASSED] - Object: 'Object Repository/Admin_Menu/User_Management/Users/Add User/dropdown_status' is clicked on

29-01-2024T23:09:30 - [TEST_STEP][PASSED] - click(findTestObject("Admin_Menu/User_Management/Users/Add User/div_Enabled")): Object: 'Object Repository/Admin_Menu/User_Management/Users/Add User/div_Enabled' is clicked on

29-01-2024T23:09:31 - [MESSAGE][PASSED] - Object: 'Object Repository/Admin_Menu/User_Management/Users/Add User/div_Enabled' is clicked on

29-01-2024T23:09:31 - [TEST_STEP][PASSED] - setText(findTestObject("Admin_Menu/User_Management/Users/Add User/input_employee_name"), EMPLOYEE_NAME): Text 'Odis Adalwin' is set on object 'Object Repository/Admin_Menu/User_Management/Users/Add User/input_employee_name'

29-01-2024T23:09:32 - [MESSAGE][PASSED] - Text 'Odis Adalwin' is set on object 'Object Repository/Admin_Menu/User_Management/Users/Add User/input_employee_name'

29-01-2024T23:09:32 - [TEST_STEP][PASSED] - verifyElementVisible(findTestObject("Admin_Menu/User_Management/Users/Add User/div_Odis  Adalwin"), STOP_ON_FAILURE): Object 'Object Repository/Admin_Menu/User_Management/Users/Add User/div_Odis  Adalwin' is visible

29-01-2024T23:09:32 - [MESSAGE][PASSED] - Object 'Object Repository/Admin_Menu/User_Management/Users/Add User/div_Odis  Adalwin' is visible

29-01-2024T23:09:32 - [TEST_STEP][PASSED] - click(findTestObject("Admin_Menu/User_Management/Users/Add User/div_Odis  Adalwin")): Object: 'Object Repository/Admin_Menu/User_Management/Users/Add User/div_Odis  Adalwin' is clicked on

29-01-2024T23:09:34 - [MESSAGE][PASSED] - Object: 'Object Repository/Admin_Menu/User_Management/Users/Add User/div_Odis  Adalwin' is clicked on

29-01-2024T23:09:34 - [TEST_STEP][PASSED] - setText(findTestObject("Admin_Menu/User_Management/Users/Add User/input_Username_oxd-input oxd-input--focus"), USERNAME): Text 'John Doe' is set on object 'Object Repository/Admin_Menu/User_Management/Users/Add User/input_Username_oxd-input oxd-input--focus'

29-01-2024T23:09:35 - [MESSAGE][PASSED] - Text 'John Doe' is set on object 'Object Repository/Admin_Menu/User_Management/Users/Add User/input_Username_oxd-input oxd-input--focus'

29-01-2024T23:09:35 - [TEST_STEP][PASSED] - setEncryptedText(findTestObject("Admin_Menu/User_Management/Users/Add User/input_Password_oxd-input oxd-input--focus"), PASSWORD): Text ****** has been set on object 'Object Repository/Admin_Menu/User_Management/Users/Add User/input_Password_oxd-input oxd-input--focus'

29-01-2024T23:09:35 - [MESSAGE][PASSED] - Text ****** has been set on object 'Object Repository/Admin_Menu/User_Management/Users/Add User/input_Password_oxd-input oxd-input--focus'

29-01-2024T23:09:35 - [TEST_STEP][PASSED] - setEncryptedText(findTestObject("Admin_Menu/User_Management/Users/Add User/input_Confirm Password_oxd-input oxd-input--focus"), PASSWORD): Text ****** has been set on object 'Object Repository/Admin_Menu/User_Management/Users/Add User/input_Confirm Password_oxd-input oxd-input--focus'

29-01-2024T23:09:36 - [MESSAGE][PASSED] - Text ****** has been set on object 'Object Repository/Admin_Menu/User_Management/Users/Add User/input_Confirm Password_oxd-input oxd-input--focus'

29-01-2024T23:09:36 - [TEST_STEP][PASSED] - click(findTestObject("Admin_Menu/User_Management/Users/Add User/button_Save")): Object: 'Object Repository/Admin_Menu/User_Management/Users/Add User/button_Save' is clicked on

29-01-2024T23:09:37 - [MESSAGE][PASSED] - Object: 'Object Repository/Admin_Menu/User_Management/Users/Add User/button_Save' is clicked on

29-01-2024T23:09:37 - [TEST_STEP][PASSED] - verifyElementPresent(findTestObject("Admin_Menu/User_Management/Users/Add User/popup_SuccessSuccessfully Saved"), 0): Object 'Object Repository/Admin_Menu/User_Management/Users/Add User/popup_SuccessSuccessfully Saved' is present

29-01-2024T23:09:37 - [MESSAGE][WARNING] - Timeout '0' is invalid. Using default page load timeout: '30'

29-01-2024T23:09:40 - [MESSAGE][PASSED] - Object 'Object Repository/Admin_Menu/User_Management/Users/Add User/popup_SuccessSuccessfully Saved' is present]]></system-out>
         <system-err><![CDATA[]]></system-err>
      </testcase>
      <testcase name="Test Cases/Features/Admin/TC_Admin_003_Search User" time="29.515" classname="Test Cases/Features/Admin/TC_Admin_003_Search User" status="PASSED">
         <system-out><![CDATA[29-01-2024T23:09:40 - [TEST_CASE][PASSED] - Test Cases/Features/Admin/TC_Admin_003_Search User: Test Cases/Features/Admin/TC_Admin_003_Search User

29-01-2024T23:09:40 - [TEST_STEP][PASSED] - callTestCase(findTestCase("Features/Admin/TC_Admin_001_Access Admin Menu"), [:], STOP_ON_FAILURE): Call Test Case 'Test Cases/Features/Admin/TC_Admin_001_Access Admin Menu' successfully

29-01-2024T23:09:40 - [TEST_CASE][PASSED] - Test Cases/Features/Admin/TC_Admin_001_Access Admin Menu: Test Cases/Features/Admin/TC_Admin_001_Access Admin Menu

29-01-2024T23:09:40 - [TEST_STEP][PASSED] - callTestCase(findTestCase("Login/Login Valid Admin"), [:], STOP_ON_FAILURE): Call Test Case 'Test Cases/Login/Login Valid Admin' successfully

29-01-2024T23:09:41 - [TEST_CASE][PASSED] - Test Cases/Login/Login Valid Admin: Test Cases/Login/Login Valid Admin

29-01-2024T23:09:41 - [TEST_STEP][PASSED] - openBrowser(""): Browser is opened with url: ''

29-01-2024T23:09:41 - [MESSAGE][WARNING] - A browser is already opened. Closing browser and opening a new one

29-01-2024T23:09:41 - [MESSAGE][INFO] - Starting 'Chrome' driver

29-01-2024T23:09:41 - [MESSAGE][INFO] - Action delay is set to 0 milliseconds

29-01-2024T23:09:42 - [MESSAGE][PASSED] - Browser is opened with url: ''

29-01-2024T23:09:42 - [TEST_STEP][PASSED] - navigateToUrl(BASE_URL): Navigate to 'https://opensource-demo.orangehrmlive.com/web/index.php/auth/login' successfully

29-01-2024T23:09:52 - [MESSAGE][PASSED] - Navigate to 'https://opensource-demo.orangehrmlive.com/web/index.php/auth/login' successfully

29-01-2024T23:09:52 - [TEST_STEP][PASSED] - setText(findTestObject("Object Repository/Page_OrangeHRM/input_username"), G_USERNAME): Text 'Admin' is set on object 'Object Repository/Page_OrangeHRM/input_username'

29-01-2024T23:09:54 - [MESSAGE][PASSED] - Text 'Admin' is set on object 'Object Repository/Page_OrangeHRM/input_username'

29-01-2024T23:09:54 - [TEST_STEP][PASSED] - setEncryptedText(findTestObject("Object Repository/Page_OrangeHRM/input_password"), PASSWORD): Text ****** has been set on object 'Object Repository/Page_OrangeHRM/input_password'

29-01-2024T23:09:55 - [MESSAGE][PASSED] - Text ****** has been set on object 'Object Repository/Page_OrangeHRM/input_password'

29-01-2024T23:09:55 - [TEST_STEP][PASSED] - click(findTestObject("Object Repository/Page_OrangeHRM/button_Login")): Object: 'Object Repository/Page_OrangeHRM/button_Login' is clicked on

29-01-2024T23:09:55 - [MESSAGE][PASSED] - Object: 'Object Repository/Page_OrangeHRM/button_Login' is clicked on

29-01-2024T23:09:55 - [TEST_STEP][PASSED] - verifyElementVisible(findTestObject("Object Repository/Page_OrangeHRM/img_oxd-userdropdown-img")): Object 'Object Repository/Page_OrangeHRM/img_oxd-userdropdown-img' is visible

29-01-2024T23:09:59 - [MESSAGE][PASSED] - Object 'Object Repository/Page_OrangeHRM/img_oxd-userdropdown-img' is visible

29-01-2024T23:09:59 - [MESSAGE][PASSED] - Call Test Case 'Test Cases/Login/Login Valid Admin' successfully

29-01-2024T23:09:59 - [TEST_STEP][PASSED] - click(findTestObject("Object Repository/Page_OrangeHRM/a_Admin")): Object: 'Object Repository/Page_OrangeHRM/a_Admin' is clicked on

29-01-2024T23:10:01 - [MESSAGE][PASSED] - Object: 'Object Repository/Page_OrangeHRM/a_Admin' is clicked on

29-01-2024T23:10:01 - [TEST_STEP][PASSED] - verifyElementPresent(findTestObject("Object Repository/Page_OrangeHRM/h5_System Users"), 0): Object 'Object Repository/Page_OrangeHRM/h5_System Users' is present

29-01-2024T23:10:01 - [MESSAGE][WARNING] - Timeout '0' is invalid. Using default page load timeout: '30'

29-01-2024T23:10:03 - [MESSAGE][PASSED] - Object 'Object Repository/Page_OrangeHRM/h5_System Users' is present

29-01-2024T23:10:03 - [MESSAGE][PASSED] - Call Test Case 'Test Cases/Features/Admin/TC_Admin_001_Access Admin Menu' successfully

29-01-2024T23:10:03 - [TEST_STEP][PASSED] - sendKeys(findTestObject("Admin_Menu/User_Management/Users/input_Username"), USERNAME): Keys 'John Doe' sent to object: 'Object Repository/Admin_Menu/User_Management/Users/input_Username'

29-01-2024T23:10:03 - [MESSAGE][PASSED] - Keys 'John Doe' sent to object: 'Object Repository/Admin_Menu/User_Management/Users/input_Username'

29-01-2024T23:10:03 - [TEST_STEP][PASSED] - click(findTestObject("Admin_Menu/User_Management/Users/dropdown_user_role")): Object: 'Object Repository/Admin_Menu/User_Management/Users/dropdown_user_role' is clicked on

29-01-2024T23:10:04 - [MESSAGE][PASSED] - Object: 'Object Repository/Admin_Menu/User_Management/Users/dropdown_user_role' is clicked on

29-01-2024T23:10:04 - [TEST_STEP][PASSED] - click(findTestObject("Admin_Menu/User_Management/Users/span_Admin")): Object: 'Object Repository/Admin_Menu/User_Management/Users/span_Admin' is clicked on

29-01-2024T23:10:04 - [MESSAGE][PASSED] - Object: 'Object Repository/Admin_Menu/User_Management/Users/span_Admin' is clicked on

29-01-2024T23:10:04 - [TEST_STEP][PASSED] - sendKeys(findTestObject("Admin_Menu/User_Management/Users/input_Employee_Name"), EMPLOYEE_NAME): Keys 'Odis Adalwin' sent to object: 'Object Repository/Admin_Menu/User_Management/Users/input_Employee_Name'

29-01-2024T23:10:05 - [MESSAGE][PASSED] - Keys 'Odis Adalwin' sent to object: 'Object Repository/Admin_Menu/User_Management/Users/input_Employee_Name'

29-01-2024T23:10:05 - [TEST_STEP][PASSED] - verifyElementVisible(findTestObject("Admin_Menu/User_Management/Users/span_Odis  Adalwin")): Object 'Object Repository/Admin_Menu/User_Management/Users/span_Odis  Adalwin' is visible

29-01-2024T23:10:07 - [MESSAGE][PASSED] - Object 'Object Repository/Admin_Menu/User_Management/Users/span_Odis  Adalwin' is visible

29-01-2024T23:10:07 - [TEST_STEP][PASSED] - click(findTestObject("Admin_Menu/User_Management/Users/span_Odis  Adalwin")): Object: 'Object Repository/Admin_Menu/User_Management/Users/span_Odis  Adalwin' is clicked on

29-01-2024T23:10:07 - [MESSAGE][PASSED] - Object: 'Object Repository/Admin_Menu/User_Management/Users/span_Odis  Adalwin' is clicked on

29-01-2024T23:10:07 - [TEST_STEP][PASSED] - click(findTestObject("Admin_Menu/User_Management/Users/dropdown_status")): Object: 'Object Repository/Admin_Menu/User_Management/Users/dropdown_status' is clicked on

29-01-2024T23:10:08 - [MESSAGE][PASSED] - Object: 'Object Repository/Admin_Menu/User_Management/Users/dropdown_status' is clicked on

29-01-2024T23:10:08 - [TEST_STEP][PASSED] - click(findTestObject("Admin_Menu/User_Management/Users/span_Enabled")): Object: 'Object Repository/Admin_Menu/User_Management/Users/span_Enabled' is clicked on

29-01-2024T23:10:09 - [MESSAGE][PASSED] - Object: 'Object Repository/Admin_Menu/User_Management/Users/span_Enabled' is clicked on

29-01-2024T23:10:09 - [TEST_STEP][PASSED] - click(findTestObject("Admin_Menu/User_Management/Users/button_Search")): Object: 'Object Repository/Admin_Menu/User_Management/Users/button_Search' is clicked on

29-01-2024T23:10:09 - [MESSAGE][PASSED] - Object: 'Object Repository/Admin_Menu/User_Management/Users/button_Search' is clicked on]]></system-out>
         <system-err><![CDATA[]]></system-err>
      </testcase>
      <testcase name="Test Cases/Features/Admin/TC_Admin_004_Ensure User Search" time="29.589" classname="Test Cases/Features/Admin/TC_Admin_004_Ensure User Search" status="PASSED">
         <system-out><![CDATA[29-01-2024T23:10:09 - [TEST_CASE][PASSED] - Test Cases/Features/Admin/TC_Admin_004_Ensure User Search: Test Cases/Features/Admin/TC_Admin_004_Ensure User Search

29-01-2024T23:10:10 - [TEST_STEP][PASSED] - callTestCase(findTestCase("Features/Admin/TC_Admin_003_Search User"), [:], STOP_ON_FAILURE): Call Test Case 'Test Cases/Features/Admin/TC_Admin_003_Search User' successfully

29-01-2024T23:10:10 - [TEST_CASE][PASSED] - Test Cases/Features/Admin/TC_Admin_003_Search User: Test Cases/Features/Admin/TC_Admin_003_Search User

29-01-2024T23:10:10 - [TEST_STEP][PASSED] - callTestCase(findTestCase("Features/Admin/TC_Admin_001_Access Admin Menu"), [:], STOP_ON_FAILURE): Call Test Case 'Test Cases/Features/Admin/TC_Admin_001_Access Admin Menu' successfully

29-01-2024T23:10:10 - [TEST_CASE][PASSED] - Test Cases/Features/Admin/TC_Admin_001_Access Admin Menu: Test Cases/Features/Admin/TC_Admin_001_Access Admin Menu

29-01-2024T23:10:10 - [TEST_STEP][PASSED] - callTestCase(findTestCase("Login/Login Valid Admin"), [:], STOP_ON_FAILURE): Call Test Case 'Test Cases/Login/Login Valid Admin' successfully

29-01-2024T23:10:10 - [TEST_CASE][PASSED] - Test Cases/Login/Login Valid Admin: Test Cases/Login/Login Valid Admin

29-01-2024T23:10:10 - [TEST_STEP][PASSED] - openBrowser(""): Browser is opened with url: ''

29-01-2024T23:10:10 - [MESSAGE][WARNING] - A browser is already opened. Closing browser and opening a new one

29-01-2024T23:10:10 - [MESSAGE][INFO] - Starting 'Chrome' driver

29-01-2024T23:10:10 - [MESSAGE][INFO] - Action delay is set to 0 milliseconds

29-01-2024T23:10:11 - [MESSAGE][PASSED] - Browser is opened with url: ''

29-01-2024T23:10:11 - [TEST_STEP][PASSED] - navigateToUrl(BASE_URL): Navigate to 'https://opensource-demo.orangehrmlive.com/web/index.php/auth/login' successfully

29-01-2024T23:10:19 - [MESSAGE][PASSED] - Navigate to 'https://opensource-demo.orangehrmlive.com/web/index.php/auth/login' successfully

29-01-2024T23:10:19 - [TEST_STEP][PASSED] - setText(findTestObject("Object Repository/Page_OrangeHRM/input_username"), G_USERNAME): Text 'Admin' is set on object 'Object Repository/Page_OrangeHRM/input_username'

29-01-2024T23:10:21 - [MESSAGE][PASSED] - Text 'Admin' is set on object 'Object Repository/Page_OrangeHRM/input_username'

29-01-2024T23:10:21 - [TEST_STEP][PASSED] - setEncryptedText(findTestObject("Object Repository/Page_OrangeHRM/input_password"), PASSWORD): Text ****** has been set on object 'Object Repository/Page_OrangeHRM/input_password'

29-01-2024T23:10:22 - [MESSAGE][PASSED] - Text ****** has been set on object 'Object Repository/Page_OrangeHRM/input_password'

29-01-2024T23:10:22 - [TEST_STEP][PASSED] - click(findTestObject("Object Repository/Page_OrangeHRM/button_Login")): Object: 'Object Repository/Page_OrangeHRM/button_Login' is clicked on

29-01-2024T23:10:24 - [MESSAGE][PASSED] - Object: 'Object Repository/Page_OrangeHRM/button_Login' is clicked on

29-01-2024T23:10:24 - [TEST_STEP][PASSED] - verifyElementVisible(findTestObject("Object Repository/Page_OrangeHRM/img_oxd-userdropdown-img")): Object 'Object Repository/Page_OrangeHRM/img_oxd-userdropdown-img' is visible

29-01-2024T23:10:27 - [MESSAGE][PASSED] - Object 'Object Repository/Page_OrangeHRM/img_oxd-userdropdown-img' is visible

29-01-2024T23:10:27 - [MESSAGE][PASSED] - Call Test Case 'Test Cases/Login/Login Valid Admin' successfully

29-01-2024T23:10:27 - [TEST_STEP][PASSED] - click(findTestObject("Object Repository/Page_OrangeHRM/a_Admin")): Object: 'Object Repository/Page_OrangeHRM/a_Admin' is clicked on

29-01-2024T23:10:29 - [MESSAGE][PASSED] - Object: 'Object Repository/Page_OrangeHRM/a_Admin' is clicked on

29-01-2024T23:10:29 - [TEST_STEP][PASSED] - verifyElementPresent(findTestObject("Object Repository/Page_OrangeHRM/h5_System Users"), 0): Object 'Object Repository/Page_OrangeHRM/h5_System Users' is present

29-01-2024T23:10:29 - [MESSAGE][WARNING] - Timeout '0' is invalid. Using default page load timeout: '30'

29-01-2024T23:10:30 - [MESSAGE][PASSED] - Object 'Object Repository/Page_OrangeHRM/h5_System Users' is present

29-01-2024T23:10:30 - [MESSAGE][PASSED] - Call Test Case 'Test Cases/Features/Admin/TC_Admin_001_Access Admin Menu' successfully

29-01-2024T23:10:30 - [TEST_STEP][PASSED] - sendKeys(findTestObject("Admin_Menu/User_Management/Users/input_Username"), USERNAME): Keys 'John Doe' sent to object: 'Object Repository/Admin_Menu/User_Management/Users/input_Username'

29-01-2024T23:10:31 - [MESSAGE][PASSED] - Keys 'John Doe' sent to object: 'Object Repository/Admin_Menu/User_Management/Users/input_Username'

29-01-2024T23:10:31 - [TEST_STEP][PASSED] - click(findTestObject("Admin_Menu/User_Management/Users/dropdown_user_role")): Object: 'Object Repository/Admin_Menu/User_Management/Users/dropdown_user_role' is clicked on

29-01-2024T23:10:31 - [MESSAGE][PASSED] - Object: 'Object Repository/Admin_Menu/User_Management/Users/dropdown_user_role' is clicked on

29-01-2024T23:10:31 - [TEST_STEP][PASSED] - click(findTestObject("Admin_Menu/User_Management/Users/span_Admin")): Object: 'Object Repository/Admin_Menu/User_Management/Users/span_Admin' is clicked on

29-01-2024T23:10:32 - [MESSAGE][PASSED] - Object: 'Object Repository/Admin_Menu/User_Management/Users/span_Admin' is clicked on

29-01-2024T23:10:32 - [TEST_STEP][PASSED] - sendKeys(findTestObject("Admin_Menu/User_Management/Users/input_Employee_Name"), EMPLOYEE_NAME): Keys 'Odis Adalwin' sent to object: 'Object Repository/Admin_Menu/User_Management/Users/input_Employee_Name'

29-01-2024T23:10:32 - [MESSAGE][PASSED] - Keys 'Odis Adalwin' sent to object: 'Object Repository/Admin_Menu/User_Management/Users/input_Employee_Name'

29-01-2024T23:10:32 - [TEST_STEP][PASSED] - verifyElementVisible(findTestObject("Admin_Menu/User_Management/Users/span_Odis  Adalwin")): Object 'Object Repository/Admin_Menu/User_Management/Users/span_Odis  Adalwin' is visible

29-01-2024T23:10:34 - [MESSAGE][PASSED] - Object 'Object Repository/Admin_Menu/User_Management/Users/span_Odis  Adalwin' is visible

29-01-2024T23:10:34 - [TEST_STEP][PASSED] - click(findTestObject("Admin_Menu/User_Management/Users/span_Odis  Adalwin")): Object: 'Object Repository/Admin_Menu/User_Management/Users/span_Odis  Adalwin' is clicked on

29-01-2024T23:10:35 - [MESSAGE][PASSED] - Object: 'Object Repository/Admin_Menu/User_Management/Users/span_Odis  Adalwin' is clicked on

29-01-2024T23:10:35 - [TEST_STEP][PASSED] - click(findTestObject("Admin_Menu/User_Management/Users/dropdown_status")): Object: 'Object Repository/Admin_Menu/User_Management/Users/dropdown_status' is clicked on

29-01-2024T23:10:35 - [MESSAGE][PASSED] - Object: 'Object Repository/Admin_Menu/User_Management/Users/dropdown_status' is clicked on

29-01-2024T23:10:35 - [TEST_STEP][PASSED] - click(findTestObject("Admin_Menu/User_Management/Users/span_Enabled")): Object: 'Object Repository/Admin_Menu/User_Management/Users/span_Enabled' is clicked on

29-01-2024T23:10:36 - [MESSAGE][PASSED] - Object: 'Object Repository/Admin_Menu/User_Management/Users/span_Enabled' is clicked on

29-01-2024T23:10:36 - [TEST_STEP][PASSED] - click(findTestObject("Admin_Menu/User_Management/Users/button_Search")): Object: 'Object Repository/Admin_Menu/User_Management/Users/button_Search' is clicked on

29-01-2024T23:10:36 - [MESSAGE][PASSED] - Object: 'Object Repository/Admin_Menu/User_Management/Users/button_Search' is clicked on

29-01-2024T23:10:36 - [MESSAGE][PASSED] - Call Test Case 'Test Cases/Features/Admin/TC_Admin_003_Search User' successfully

29-01-2024T23:10:36 - [TEST_STEP][PASSED] - verifyElementPresent(findTestObject("Admin_Menu/User_Management/Users/div_John Doe"), 0): Object 'Object Repository/Admin_Menu/User_Management/Users/div_John Doe' is present

29-01-2024T23:10:37 - [MESSAGE][WARNING] - Timeout '0' is invalid. Using default page load timeout: '30'

29-01-2024T23:10:37 - [MESSAGE][PASSED] - Object 'Object Repository/Admin_Menu/User_Management/Users/div_John Doe' is present

29-01-2024T23:10:37 - [TEST_STEP][PASSED] - verifyElementPresent(findTestObject("Admin_Menu/User_Management/Users/div_Admin"), 0): Object 'Object Repository/Admin_Menu/User_Management/Users/div_Admin' is present

29-01-2024T23:10:38 - [MESSAGE][WARNING] - Timeout '0' is invalid. Using default page load timeout: '30'

29-01-2024T23:10:38 - [MESSAGE][PASSED] - Object 'Object Repository/Admin_Menu/User_Management/Users/div_Admin' is present

29-01-2024T23:10:38 - [TEST_STEP][PASSED] - verifyElementPresent(findTestObject("Admin_Menu/User_Management/Users/div_Odis Adalwin"), 0): Object 'Object Repository/Admin_Menu/User_Management/Users/div_Odis Adalwin' is present

29-01-2024T23:10:38 - [MESSAGE][WARNING] - Timeout '0' is invalid. Using default page load timeout: '30'

29-01-2024T23:10:38 - [MESSAGE][PASSED] - Object 'Object Repository/Admin_Menu/User_Management/Users/div_Odis Adalwin' is present

29-01-2024T23:10:38 - [TEST_STEP][PASSED] - verifyElementPresent(findTestObject("Admin_Menu/User_Management/Users/div_Enabled"), 0): Object 'Object Repository/Admin_Menu/User_Management/Users/div_Enabled' is present

29-01-2024T23:10:38 - [MESSAGE][WARNING] - Timeout '0' is invalid. Using default page load timeout: '30'

29-01-2024T23:10:39 - [MESSAGE][PASSED] - Object 'Object Repository/Admin_Menu/User_Management/Users/div_Enabled' is present]]></system-out>
         <system-err><![CDATA[]]></system-err>
      </testcase>
      <testcase name="Test Cases/Features/Admin/Ensure Data Edit User" time="29.537" classname="Test Cases/Features/Admin/Ensure Data Edit User" status="PASSED">
         <system-out><![CDATA[29-01-2024T23:10:39 - [TEST_CASE][PASSED] - Test Cases/Features/Admin/Ensure Data Edit User: Test Cases/Features/Admin/Ensure Data Edit User

29-01-2024T23:10:39 - [TEST_STEP][PASSED] - callTestCase(findTestCase("Features/Admin/TC_Admin_003_Search User"), [:], STOP_ON_FAILURE): Call Test Case 'Test Cases/Features/Admin/TC_Admin_003_Search User' successfully

29-01-2024T23:10:39 - [TEST_CASE][PASSED] - Test Cases/Features/Admin/TC_Admin_003_Search User: Test Cases/Features/Admin/TC_Admin_003_Search User

29-01-2024T23:10:39 - [TEST_STEP][PASSED] - callTestCase(findTestCase("Features/Admin/TC_Admin_001_Access Admin Menu"), [:], STOP_ON_FAILURE): Call Test Case 'Test Cases/Features/Admin/TC_Admin_001_Access Admin Menu' successfully

29-01-2024T23:10:39 - [TEST_CASE][PASSED] - Test Cases/Features/Admin/TC_Admin_001_Access Admin Menu: Test Cases/Features/Admin/TC_Admin_001_Access Admin Menu

29-01-2024T23:10:39 - [TEST_STEP][PASSED] - callTestCase(findTestCase("Login/Login Valid Admin"), [:], STOP_ON_FAILURE): Call Test Case 'Test Cases/Login/Login Valid Admin' successfully

29-01-2024T23:10:39 - [TEST_CASE][PASSED] - Test Cases/Login/Login Valid Admin: Test Cases/Login/Login Valid Admin

29-01-2024T23:10:39 - [TEST_STEP][PASSED] - openBrowser(""): Browser is opened with url: ''

29-01-2024T23:10:39 - [MESSAGE][WARNING] - A browser is already opened. Closing browser and opening a new one

29-01-2024T23:10:40 - [MESSAGE][INFO] - Starting 'Chrome' driver

29-01-2024T23:10:40 - [MESSAGE][INFO] - Action delay is set to 0 milliseconds

29-01-2024T23:10:41 - [MESSAGE][PASSED] - Browser is opened with url: ''

29-01-2024T23:10:41 - [TEST_STEP][PASSED] - navigateToUrl(BASE_URL): Navigate to 'https://opensource-demo.orangehrmlive.com/web/index.php/auth/login' successfully

29-01-2024T23:10:47 - [MESSAGE][PASSED] - Navigate to 'https://opensource-demo.orangehrmlive.com/web/index.php/auth/login' successfully

29-01-2024T23:10:47 - [TEST_STEP][PASSED] - setText(findTestObject("Object Repository/Page_OrangeHRM/input_username"), G_USERNAME): Text 'Admin' is set on object 'Object Repository/Page_OrangeHRM/input_username'

29-01-2024T23:10:49 - [MESSAGE][PASSED] - Text 'Admin' is set on object 'Object Repository/Page_OrangeHRM/input_username'

29-01-2024T23:10:49 - [TEST_STEP][PASSED] - setEncryptedText(findTestObject("Object Repository/Page_OrangeHRM/input_password"), PASSWORD): Text ****** has been set on object 'Object Repository/Page_OrangeHRM/input_password'

29-01-2024T23:10:50 - [MESSAGE][PASSED] - Text ****** has been set on object 'Object Repository/Page_OrangeHRM/input_password'

29-01-2024T23:10:50 - [TEST_STEP][PASSED] - click(findTestObject("Object Repository/Page_OrangeHRM/button_Login")): Object: 'Object Repository/Page_OrangeHRM/button_Login' is clicked on

29-01-2024T23:10:51 - [MESSAGE][PASSED] - Object: 'Object Repository/Page_OrangeHRM/button_Login' is clicked on

29-01-2024T23:10:51 - [TEST_STEP][PASSED] - verifyElementVisible(findTestObject("Object Repository/Page_OrangeHRM/img_oxd-userdropdown-img")): Object 'Object Repository/Page_OrangeHRM/img_oxd-userdropdown-img' is visible

29-01-2024T23:10:54 - [MESSAGE][PASSED] - Object 'Object Repository/Page_OrangeHRM/img_oxd-userdropdown-img' is visible

29-01-2024T23:10:54 - [MESSAGE][PASSED] - Call Test Case 'Test Cases/Login/Login Valid Admin' successfully

29-01-2024T23:10:54 - [TEST_STEP][PASSED] - click(findTestObject("Object Repository/Page_OrangeHRM/a_Admin")): Object: 'Object Repository/Page_OrangeHRM/a_Admin' is clicked on

29-01-2024T23:10:56 - [MESSAGE][PASSED] - Object: 'Object Repository/Page_OrangeHRM/a_Admin' is clicked on

29-01-2024T23:10:56 - [TEST_STEP][PASSED] - verifyElementPresent(findTestObject("Object Repository/Page_OrangeHRM/h5_System Users"), 0): Object 'Object Repository/Page_OrangeHRM/h5_System Users' is present

29-01-2024T23:10:56 - [MESSAGE][WARNING] - Timeout '0' is invalid. Using default page load timeout: '30'

29-01-2024T23:10:57 - [MESSAGE][PASSED] - Object 'Object Repository/Page_OrangeHRM/h5_System Users' is present

29-01-2024T23:10:57 - [MESSAGE][PASSED] - Call Test Case 'Test Cases/Features/Admin/TC_Admin_001_Access Admin Menu' successfully

29-01-2024T23:10:57 - [TEST_STEP][PASSED] - sendKeys(findTestObject("Admin_Menu/User_Management/Users/input_Username"), USERNAME): Keys 'John Doe' sent to object: 'Object Repository/Admin_Menu/User_Management/Users/input_Username'

29-01-2024T23:10:58 - [MESSAGE][PASSED] - Keys 'John Doe' sent to object: 'Object Repository/Admin_Menu/User_Management/Users/input_Username'

29-01-2024T23:10:58 - [TEST_STEP][PASSED] - click(findTestObject("Admin_Menu/User_Management/Users/dropdown_user_role")): Object: 'Object Repository/Admin_Menu/User_Management/Users/dropdown_user_role' is clicked on

29-01-2024T23:10:58 - [MESSAGE][PASSED] - Object: 'Object Repository/Admin_Menu/User_Management/Users/dropdown_user_role' is clicked on

29-01-2024T23:10:58 - [TEST_STEP][PASSED] - click(findTestObject("Admin_Menu/User_Management/Users/span_Admin")): Object: 'Object Repository/Admin_Menu/User_Management/Users/span_Admin' is clicked on

29-01-2024T23:10:59 - [MESSAGE][PASSED] - Object: 'Object Repository/Admin_Menu/User_Management/Users/span_Admin' is clicked on

29-01-2024T23:10:59 - [TEST_STEP][PASSED] - sendKeys(findTestObject("Admin_Menu/User_Management/Users/input_Employee_Name"), EMPLOYEE_NAME): Keys 'Odis Adalwin' sent to object: 'Object Repository/Admin_Menu/User_Management/Users/input_Employee_Name'

29-01-2024T23:10:59 - [MESSAGE][PASSED] - Keys 'Odis Adalwin' sent to object: 'Object Repository/Admin_Menu/User_Management/Users/input_Employee_Name'

29-01-2024T23:10:59 - [TEST_STEP][PASSED] - verifyElementVisible(findTestObject("Admin_Menu/User_Management/Users/span_Odis  Adalwin")): Object 'Object Repository/Admin_Menu/User_Management/Users/span_Odis  Adalwin' is visible

29-01-2024T23:11:01 - [MESSAGE][PASSED] - Object 'Object Repository/Admin_Menu/User_Management/Users/span_Odis  Adalwin' is visible

29-01-2024T23:11:01 - [TEST_STEP][PASSED] - click(findTestObject("Admin_Menu/User_Management/Users/span_Odis  Adalwin")): Object: 'Object Repository/Admin_Menu/User_Management/Users/span_Odis  Adalwin' is clicked on

29-01-2024T23:11:02 - [MESSAGE][PASSED] - Object: 'Object Repository/Admin_Menu/User_Management/Users/span_Odis  Adalwin' is clicked on

29-01-2024T23:11:02 - [TEST_STEP][PASSED] - click(findTestObject("Admin_Menu/User_Management/Users/dropdown_status")): Object: 'Object Repository/Admin_Menu/User_Management/Users/dropdown_status' is clicked on

29-01-2024T23:11:02 - [MESSAGE][PASSED] - Object: 'Object Repository/Admin_Menu/User_Management/Users/dropdown_status' is clicked on

29-01-2024T23:11:02 - [TEST_STEP][PASSED] - click(findTestObject("Admin_Menu/User_Management/Users/span_Enabled")): Object: 'Object Repository/Admin_Menu/User_Management/Users/span_Enabled' is clicked on

29-01-2024T23:11:03 - [MESSAGE][PASSED] - Object: 'Object Repository/Admin_Menu/User_Management/Users/span_Enabled' is clicked on

29-01-2024T23:11:03 - [TEST_STEP][PASSED] - click(findTestObject("Admin_Menu/User_Management/Users/button_Search")): Object: 'Object Repository/Admin_Menu/User_Management/Users/button_Search' is clicked on

29-01-2024T23:11:03 - [MESSAGE][PASSED] - Object: 'Object Repository/Admin_Menu/User_Management/Users/button_Search' is clicked on

29-01-2024T23:11:03 - [MESSAGE][PASSED] - Call Test Case 'Test Cases/Features/Admin/TC_Admin_003_Search User' successfully

29-01-2024T23:11:03 - [TEST_STEP][PASSED] - click(findTestObject("Admin_Menu/User_Management/Users/btn_i_Enabled_oxd-icon bi-edit")): Object: 'Object Repository/Admin_Menu/User_Management/Users/btn_i_Enabled_oxd-icon bi-edit' is clicked on

29-01-2024T23:11:05 - [MESSAGE][PASSED] - Object: 'Object Repository/Admin_Menu/User_Management/Users/btn_i_Enabled_oxd-icon bi-edit' is clicked on

29-01-2024T23:11:05 - [TEST_STEP][PASSED] - verifyElementPresent(findTestObject("Admin_Menu/User_Management/Users/Edit User/div_Admin"), 0): Object 'Object Repository/Admin_Menu/User_Management/Users/Edit User/div_Admin' is present

29-01-2024T23:11:05 - [MESSAGE][WARNING] - Timeout '0' is invalid. Using default page load timeout: '30'

29-01-2024T23:11:07 - [MESSAGE][PASSED] - Object 'Object Repository/Admin_Menu/User_Management/Users/Edit User/div_Admin' is present

29-01-2024T23:11:07 - [TEST_STEP][PASSED] - verifyElementPresent(findTestObject("Admin_Menu/User_Management/Users/Edit User/div_Enabled"), 0): Object 'Object Repository/Admin_Menu/User_Management/Users/Edit User/div_Enabled' is present

29-01-2024T23:11:07 - [MESSAGE][WARNING] - Timeout '0' is invalid. Using default page load timeout: '30'

29-01-2024T23:11:07 - [MESSAGE][PASSED] - Object 'Object Repository/Admin_Menu/User_Management/Users/Edit User/div_Enabled' is present

29-01-2024T23:11:08 - [TEST_STEP][PASSED] - verifyElementPresent(findTestObject("Admin_Menu/User_Management/Users/Edit User/input"), 0): Object 'Object Repository/Admin_Menu/User_Management/Users/Edit User/input' is present

29-01-2024T23:11:08 - [MESSAGE][WARNING] - Timeout '0' is invalid. Using default page load timeout: '30'

29-01-2024T23:11:08 - [MESSAGE][PASSED] - Object 'Object Repository/Admin_Menu/User_Management/Users/Edit User/input' is present

29-01-2024T23:11:08 - [TEST_STEP][PASSED] - verifyElementPresent(findTestObject("Admin_Menu/User_Management/Users/Edit User/input_Username_oxd-input oxd-input--focus"), 0): Object 'Object Repository/Admin_Menu/User_Management/Users/Edit User/input_Username_oxd-input oxd-input--focus' is present

29-01-2024T23:11:08 - [MESSAGE][WARNING] - Timeout '0' is invalid. Using default page load timeout: '30'

29-01-2024T23:11:08 - [MESSAGE][PASSED] - Object 'Object Repository/Admin_Menu/User_Management/Users/Edit User/input_Username_oxd-input oxd-input--focus' is present]]></system-out>
         <system-err><![CDATA[]]></system-err>
      </testcase>
      <testcase name="Test Cases/Features/Admin/Update User" time="37.846" classname="Test Cases/Features/Admin/Update User" status="PASSED">
         <system-out><![CDATA[29-01-2024T23:11:08 - [TEST_CASE][PASSED] - Test Cases/Features/Admin/Update User: Test Cases/Features/Admin/Update User

29-01-2024T23:11:09 - [TEST_STEP][PASSED] - callTestCase(findTestCase("Features/Admin/Ensure Data Edit User"), [:], STOP_ON_FAILURE): Call Test Case 'Test Cases/Features/Admin/Ensure Data Edit User' successfully

29-01-2024T23:11:09 - [TEST_CASE][PASSED] - Test Cases/Features/Admin/Ensure Data Edit User: Test Cases/Features/Admin/Ensure Data Edit User

29-01-2024T23:11:09 - [TEST_STEP][PASSED] - callTestCase(findTestCase("Features/Admin/TC_Admin_003_Search User"), [:], STOP_ON_FAILURE): Call Test Case 'Test Cases/Features/Admin/TC_Admin_003_Search User' successfully

29-01-2024T23:11:09 - [TEST_CASE][PASSED] - Test Cases/Features/Admin/TC_Admin_003_Search User: Test Cases/Features/Admin/TC_Admin_003_Search User

29-01-2024T23:11:09 - [TEST_STEP][PASSED] - callTestCase(findTestCase("Features/Admin/TC_Admin_001_Access Admin Menu"), [:], STOP_ON_FAILURE): Call Test Case 'Test Cases/Features/Admin/TC_Admin_001_Access Admin Menu' successfully

29-01-2024T23:11:09 - [TEST_CASE][PASSED] - Test Cases/Features/Admin/TC_Admin_001_Access Admin Menu: Test Cases/Features/Admin/TC_Admin_001_Access Admin Menu

29-01-2024T23:11:09 - [TEST_STEP][PASSED] - callTestCase(findTestCase("Login/Login Valid Admin"), [:], STOP_ON_FAILURE): Call Test Case 'Test Cases/Login/Login Valid Admin' successfully

29-01-2024T23:11:09 - [TEST_CASE][PASSED] - Test Cases/Login/Login Valid Admin: Test Cases/Login/Login Valid Admin

29-01-2024T23:11:09 - [TEST_STEP][PASSED] - openBrowser(""): Browser is opened with url: ''

29-01-2024T23:11:09 - [MESSAGE][WARNING] - A browser is already opened. Closing browser and opening a new one

29-01-2024T23:11:09 - [MESSAGE][INFO] - Starting 'Chrome' driver

29-01-2024T23:11:09 - [MESSAGE][INFO] - Action delay is set to 0 milliseconds

29-01-2024T23:11:10 - [MESSAGE][PASSED] - Browser is opened with url: ''

29-01-2024T23:11:10 - [TEST_STEP][PASSED] - navigateToUrl(BASE_URL): Navigate to 'https://opensource-demo.orangehrmlive.com/web/index.php/auth/login' successfully

29-01-2024T23:11:18 - [MESSAGE][PASSED] - Navigate to 'https://opensource-demo.orangehrmlive.com/web/index.php/auth/login' successfully

29-01-2024T23:11:18 - [TEST_STEP][PASSED] - setText(findTestObject("Object Repository/Page_OrangeHRM/input_username"), G_USERNAME): Text 'Admin' is set on object 'Object Repository/Page_OrangeHRM/input_username'

29-01-2024T23:11:20 - [MESSAGE][PASSED] - Text 'Admin' is set on object 'Object Repository/Page_OrangeHRM/input_username'

29-01-2024T23:11:20 - [TEST_STEP][PASSED] - setEncryptedText(findTestObject("Object Repository/Page_OrangeHRM/input_password"), PASSWORD): Text ****** has been set on object 'Object Repository/Page_OrangeHRM/input_password'

29-01-2024T23:11:20 - [MESSAGE][PASSED] - Text ****** has been set on object 'Object Repository/Page_OrangeHRM/input_password'

29-01-2024T23:11:20 - [TEST_STEP][PASSED] - click(findTestObject("Object Repository/Page_OrangeHRM/button_Login")): Object: 'Object Repository/Page_OrangeHRM/button_Login' is clicked on

29-01-2024T23:11:21 - [MESSAGE][PASSED] - Object: 'Object Repository/Page_OrangeHRM/button_Login' is clicked on

29-01-2024T23:11:21 - [TEST_STEP][PASSED] - verifyElementVisible(findTestObject("Object Repository/Page_OrangeHRM/img_oxd-userdropdown-img")): Object 'Object Repository/Page_OrangeHRM/img_oxd-userdropdown-img' is visible

29-01-2024T23:11:25 - [MESSAGE][PASSED] - Object 'Object Repository/Page_OrangeHRM/img_oxd-userdropdown-img' is visible

29-01-2024T23:11:25 - [MESSAGE][PASSED] - Call Test Case 'Test Cases/Login/Login Valid Admin' successfully

29-01-2024T23:11:25 - [TEST_STEP][PASSED] - click(findTestObject("Object Repository/Page_OrangeHRM/a_Admin")): Object: 'Object Repository/Page_OrangeHRM/a_Admin' is clicked on

29-01-2024T23:11:28 - [MESSAGE][PASSED] - Object: 'Object Repository/Page_OrangeHRM/a_Admin' is clicked on

29-01-2024T23:11:28 - [TEST_STEP][PASSED] - verifyElementPresent(findTestObject("Object Repository/Page_OrangeHRM/h5_System Users"), 0): Object 'Object Repository/Page_OrangeHRM/h5_System Users' is present

29-01-2024T23:11:28 - [MESSAGE][WARNING] - Timeout '0' is invalid. Using default page load timeout: '30'

29-01-2024T23:11:30 - [MESSAGE][PASSED] - Object 'Object Repository/Page_OrangeHRM/h5_System Users' is present

29-01-2024T23:11:30 - [MESSAGE][PASSED] - Call Test Case 'Test Cases/Features/Admin/TC_Admin_001_Access Admin Menu' successfully

29-01-2024T23:11:30 - [TEST_STEP][PASSED] - sendKeys(findTestObject("Admin_Menu/User_Management/Users/input_Username"), USERNAME): Keys 'John Doe' sent to object: 'Object Repository/Admin_Menu/User_Management/Users/input_Username'

29-01-2024T23:11:30 - [MESSAGE][PASSED] - Keys 'John Doe' sent to object: 'Object Repository/Admin_Menu/User_Management/Users/input_Username'

29-01-2024T23:11:30 - [TEST_STEP][PASSED] - click(findTestObject("Admin_Menu/User_Management/Users/dropdown_user_role")): Object: 'Object Repository/Admin_Menu/User_Management/Users/dropdown_user_role' is clicked on

29-01-2024T23:11:31 - [MESSAGE][PASSED] - Object: 'Object Repository/Admin_Menu/User_Management/Users/dropdown_user_role' is clicked on

29-01-2024T23:11:31 - [TEST_STEP][PASSED] - click(findTestObject("Admin_Menu/User_Management/Users/span_Admin")): Object: 'Object Repository/Admin_Menu/User_Management/Users/span_Admin' is clicked on

29-01-2024T23:11:31 - [MESSAGE][PASSED] - Object: 'Object Repository/Admin_Menu/User_Management/Users/span_Admin' is clicked on

29-01-2024T23:11:31 - [TEST_STEP][PASSED] - sendKeys(findTestObject("Admin_Menu/User_Management/Users/input_Employee_Name"), EMPLOYEE_NAME): Keys 'Odis Adalwin' sent to object: 'Object Repository/Admin_Menu/User_Management/Users/input_Employee_Name'

29-01-2024T23:11:32 - [MESSAGE][PASSED] - Keys 'Odis Adalwin' sent to object: 'Object Repository/Admin_Menu/User_Management/Users/input_Employee_Name'

29-01-2024T23:11:32 - [TEST_STEP][PASSED] - verifyElementVisible(findTestObject("Admin_Menu/User_Management/Users/span_Odis  Adalwin")): Object 'Object Repository/Admin_Menu/User_Management/Users/span_Odis  Adalwin' is visible

29-01-2024T23:11:34 - [MESSAGE][PASSED] - Object 'Object Repository/Admin_Menu/User_Management/Users/span_Odis  Adalwin' is visible

29-01-2024T23:11:34 - [TEST_STEP][PASSED] - click(findTestObject("Admin_Menu/User_Management/Users/span_Odis  Adalwin")): Object: 'Object Repository/Admin_Menu/User_Management/Users/span_Odis  Adalwin' is clicked on

29-01-2024T23:11:34 - [MESSAGE][PASSED] - Object: 'Object Repository/Admin_Menu/User_Management/Users/span_Odis  Adalwin' is clicked on

29-01-2024T23:11:34 - [TEST_STEP][PASSED] - click(findTestObject("Admin_Menu/User_Management/Users/dropdown_status")): Object: 'Object Repository/Admin_Menu/User_Management/Users/dropdown_status' is clicked on

29-01-2024T23:11:35 - [MESSAGE][PASSED] - Object: 'Object Repository/Admin_Menu/User_Management/Users/dropdown_status' is clicked on

29-01-2024T23:11:35 - [TEST_STEP][PASSED] - click(findTestObject("Admin_Menu/User_Management/Users/span_Enabled")): Object: 'Object Repository/Admin_Menu/User_Management/Users/span_Enabled' is clicked on

29-01-2024T23:11:36 - [MESSAGE][PASSED] - Object: 'Object Repository/Admin_Menu/User_Management/Users/span_Enabled' is clicked on

29-01-2024T23:11:36 - [TEST_STEP][PASSED] - click(findTestObject("Admin_Menu/User_Management/Users/button_Search")): Object: 'Object Repository/Admin_Menu/User_Management/Users/button_Search' is clicked on

29-01-2024T23:11:36 - [MESSAGE][PASSED] - Object: 'Object Repository/Admin_Menu/User_Management/Users/button_Search' is clicked on

29-01-2024T23:11:36 - [MESSAGE][PASSED] - Call Test Case 'Test Cases/Features/Admin/TC_Admin_003_Search User' successfully

29-01-2024T23:11:36 - [TEST_STEP][PASSED] - click(findTestObject("Admin_Menu/User_Management/Users/btn_i_Enabled_oxd-icon bi-edit")): Object: 'Object Repository/Admin_Menu/User_Management/Users/btn_i_Enabled_oxd-icon bi-edit' is clicked on

29-01-2024T23:11:38 - [MESSAGE][PASSED] - Object: 'Object Repository/Admin_Menu/User_Management/Users/btn_i_Enabled_oxd-icon bi-edit' is clicked on

29-01-2024T23:11:38 - [TEST_STEP][PASSED] - verifyElementPresent(findTestObject("Admin_Menu/User_Management/Users/Edit User/div_Admin"), 0): Object 'Object Repository/Admin_Menu/User_Management/Users/Edit User/div_Admin' is present

29-01-2024T23:11:38 - [MESSAGE][WARNING] - Timeout '0' is invalid. Using default page load timeout: '30'

29-01-2024T23:11:40 - [MESSAGE][PASSED] - Object 'Object Repository/Admin_Menu/User_Management/Users/Edit User/div_Admin' is present

29-01-2024T23:11:40 - [TEST_STEP][PASSED] - verifyElementPresent(findTestObject("Admin_Menu/User_Management/Users/Edit User/div_Enabled"), 0): Object 'Object Repository/Admin_Menu/User_Management/Users/Edit User/div_Enabled' is present

29-01-2024T23:11:40 - [MESSAGE][WARNING] - Timeout '0' is invalid. Using default page load timeout: '30'

29-01-2024T23:11:40 - [MESSAGE][PASSED] - Object 'Object Repository/Admin_Menu/User_Management/Users/Edit User/div_Enabled' is present

29-01-2024T23:11:40 - [TEST_STEP][PASSED] - verifyElementPresent(findTestObject("Admin_Menu/User_Management/Users/Edit User/input"), 0): Object 'Object Repository/Admin_Menu/User_Management/Users/Edit User/input' is present

29-01-2024T23:11:40 - [MESSAGE][WARNING] - Timeout '0' is invalid. Using default page load timeout: '30'

29-01-2024T23:11:41 - [MESSAGE][PASSED] - Object 'Object Repository/Admin_Menu/User_Management/Users/Edit User/input' is present

29-01-2024T23:11:41 - [TEST_STEP][PASSED] - verifyElementPresent(findTestObject("Admin_Menu/User_Management/Users/Edit User/input_Username_oxd-input oxd-input--focus"), 0): Object 'Object Repository/Admin_Menu/User_Management/Users/Edit User/input_Username_oxd-input oxd-input--focus' is present

29-01-2024T23:11:41 - [MESSAGE][WARNING] - Timeout '0' is invalid. Using default page load timeout: '30'

29-01-2024T23:11:41 - [MESSAGE][PASSED] - Object 'Object Repository/Admin_Menu/User_Management/Users/Edit User/input_Username_oxd-input oxd-input--focus' is present

29-01-2024T23:11:41 - [MESSAGE][PASSED] - Call Test Case 'Test Cases/Features/Admin/Ensure Data Edit User' successfully

29-01-2024T23:11:41 - [TEST_STEP][PASSED] - click(findTestObject("Admin_Menu/User_Management/Users/Edit User/div_Admin")): Object: 'Object Repository/Admin_Menu/User_Management/Users/Edit User/div_Admin' is clicked on

29-01-2024T23:11:42 - [MESSAGE][PASSED] - Object: 'Object Repository/Admin_Menu/User_Management/Users/Edit User/div_Admin' is clicked on

29-01-2024T23:11:42 - [TEST_STEP][PASSED] - click(findTestObject("Admin_Menu/User_Management/Users/Edit User/span_ESS")): Object: 'Object Repository/Admin_Menu/User_Management/Users/Edit User/span_ESS' is clicked on

29-01-2024T23:11:42 - [MESSAGE][PASSED] - Object: 'Object Repository/Admin_Menu/User_Management/Users/Edit User/span_ESS' is clicked on

29-01-2024T23:11:42 - [TEST_STEP][PASSED] - click(findTestObject("Admin_Menu/User_Management/Users/Edit User/div_Enabled")): Object: 'Object Repository/Admin_Menu/User_Management/Users/Edit User/div_Enabled' is clicked on

29-01-2024T23:11:43 - [MESSAGE][PASSED] - Object: 'Object Repository/Admin_Menu/User_Management/Users/Edit User/div_Enabled' is clicked on

29-01-2024T23:11:43 - [TEST_STEP][PASSED] - click(findTestObject("Admin_Menu/User_Management/Users/Edit User/span_Disabled")): Object: 'Object Repository/Admin_Menu/User_Management/Users/Edit User/span_Disabled' is clicked on

29-01-2024T23:11:43 - [MESSAGE][PASSED] - Object: 'Object Repository/Admin_Menu/User_Management/Users/Edit User/span_Disabled' is clicked on

29-01-2024T23:11:43 - [TEST_STEP][PASSED] - click(findTestObject("Admin_Menu/User_Management/Users/Edit User/button_Save")): Object: 'Object Repository/Admin_Menu/User_Management/Users/Edit User/button_Save' is clicked on

29-01-2024T23:11:44 - [MESSAGE][PASSED] - Object: 'Object Repository/Admin_Menu/User_Management/Users/Edit User/button_Save' is clicked on

29-01-2024T23:11:44 - [TEST_STEP][PASSED] - verifyElementPresent(findTestObject("Admin_Menu/User_Management/Users/Add User/popup_SuccessSuccessfully Saved"), 0): Object 'Object Repository/Admin_Menu/User_Management/Users/Add User/popup_SuccessSuccessfully Saved' is present

29-01-2024T23:11:44 - [MESSAGE][WARNING] - Timeout '0' is invalid. Using default page load timeout: '30'

29-01-2024T23:11:46 - [MESSAGE][PASSED] - Object 'Object Repository/Admin_Menu/User_Management/Users/Add User/popup_SuccessSuccessfully Saved' is present]]></system-out>
         <system-err><![CDATA[]]></system-err>
      </testcase>
      <testcase name="Test Cases/Features/Admin/Search Updated User" time="33.276" classname="Test Cases/Features/Admin/Search Updated User" status="PASSED">
         <system-out><![CDATA[29-01-2024T23:11:46 - [TEST_CASE][PASSED] - Test Cases/Features/Admin/Search Updated User: Test Cases/Features/Admin/Search Updated User

29-01-2024T23:11:47 - [TEST_STEP][PASSED] - callTestCase(findTestCase("Features/Admin/TC_Admin_001_Access Admin Menu"), [:], STOP_ON_FAILURE): Call Test Case 'Test Cases/Features/Admin/TC_Admin_001_Access Admin Menu' successfully

29-01-2024T23:11:47 - [TEST_CASE][PASSED] - Test Cases/Features/Admin/TC_Admin_001_Access Admin Menu: Test Cases/Features/Admin/TC_Admin_001_Access Admin Menu

29-01-2024T23:11:47 - [TEST_STEP][PASSED] - callTestCase(findTestCase("Login/Login Valid Admin"), [:], STOP_ON_FAILURE): Call Test Case 'Test Cases/Login/Login Valid Admin' successfully

29-01-2024T23:11:47 - [TEST_CASE][PASSED] - Test Cases/Login/Login Valid Admin: Test Cases/Login/Login Valid Admin

29-01-2024T23:11:47 - [TEST_STEP][PASSED] - openBrowser(""): Browser is opened with url: ''

29-01-2024T23:11:47 - [MESSAGE][WARNING] - A browser is already opened. Closing browser and opening a new one

29-01-2024T23:11:47 - [MESSAGE][INFO] - Starting 'Chrome' driver

29-01-2024T23:11:48 - [MESSAGE][INFO] - Action delay is set to 0 milliseconds

29-01-2024T23:11:49 - [MESSAGE][PASSED] - Browser is opened with url: ''

29-01-2024T23:11:49 - [TEST_STEP][PASSED] - navigateToUrl(BASE_URL): Navigate to 'https://opensource-demo.orangehrmlive.com/web/index.php/auth/login' successfully

29-01-2024T23:11:56 - [MESSAGE][PASSED] - Navigate to 'https://opensource-demo.orangehrmlive.com/web/index.php/auth/login' successfully

29-01-2024T23:11:56 - [TEST_STEP][PASSED] - setText(findTestObject("Object Repository/Page_OrangeHRM/input_username"), G_USERNAME): Text 'Admin' is set on object 'Object Repository/Page_OrangeHRM/input_username'

29-01-2024T23:12:03 - [MESSAGE][PASSED] - Text 'Admin' is set on object 'Object Repository/Page_OrangeHRM/input_username'

29-01-2024T23:12:03 - [TEST_STEP][PASSED] - setEncryptedText(findTestObject("Object Repository/Page_OrangeHRM/input_password"), PASSWORD): Text ****** has been set on object 'Object Repository/Page_OrangeHRM/input_password'

29-01-2024T23:12:04 - [MESSAGE][PASSED] - Text ****** has been set on object 'Object Repository/Page_OrangeHRM/input_password'

29-01-2024T23:12:04 - [TEST_STEP][PASSED] - click(findTestObject("Object Repository/Page_OrangeHRM/button_Login")): Object: 'Object Repository/Page_OrangeHRM/button_Login' is clicked on

29-01-2024T23:12:04 - [MESSAGE][PASSED] - Object: 'Object Repository/Page_OrangeHRM/button_Login' is clicked on

29-01-2024T23:12:04 - [TEST_STEP][PASSED] - verifyElementVisible(findTestObject("Object Repository/Page_OrangeHRM/img_oxd-userdropdown-img")): Object 'Object Repository/Page_OrangeHRM/img_oxd-userdropdown-img' is visible

29-01-2024T23:12:09 - [MESSAGE][PASSED] - Object 'Object Repository/Page_OrangeHRM/img_oxd-userdropdown-img' is visible

29-01-2024T23:12:09 - [MESSAGE][PASSED] - Call Test Case 'Test Cases/Login/Login Valid Admin' successfully

29-01-2024T23:12:09 - [TEST_STEP][PASSED] - click(findTestObject("Object Repository/Page_OrangeHRM/a_Admin")): Object: 'Object Repository/Page_OrangeHRM/a_Admin' is clicked on

29-01-2024T23:12:11 - [MESSAGE][PASSED] - Object: 'Object Repository/Page_OrangeHRM/a_Admin' is clicked on

29-01-2024T23:12:11 - [TEST_STEP][PASSED] - verifyElementPresent(findTestObject("Object Repository/Page_OrangeHRM/h5_System Users"), 0): Object 'Object Repository/Page_OrangeHRM/h5_System Users' is present

29-01-2024T23:12:11 - [MESSAGE][WARNING] - Timeout '0' is invalid. Using default page load timeout: '30'

29-01-2024T23:12:13 - [MESSAGE][PASSED] - Object 'Object Repository/Page_OrangeHRM/h5_System Users' is present

29-01-2024T23:12:13 - [MESSAGE][PASSED] - Call Test Case 'Test Cases/Features/Admin/TC_Admin_001_Access Admin Menu' successfully

29-01-2024T23:12:13 - [TEST_STEP][PASSED] - sendKeys(findTestObject("Admin_Menu/User_Management/Users/input_Username"), USERNAME): Keys 'John Doe' sent to object: 'Object Repository/Admin_Menu/User_Management/Users/input_Username'

29-01-2024T23:12:13 - [MESSAGE][PASSED] - Keys 'John Doe' sent to object: 'Object Repository/Admin_Menu/User_Management/Users/input_Username'

29-01-2024T23:12:13 - [TEST_STEP][PASSED] - click(findTestObject("Admin_Menu/User_Management/Users/dropdown_user_role")): Object: 'Object Repository/Admin_Menu/User_Management/Users/dropdown_user_role' is clicked on

29-01-2024T23:12:14 - [MESSAGE][PASSED] - Object: 'Object Repository/Admin_Menu/User_Management/Users/dropdown_user_role' is clicked on

29-01-2024T23:12:14 - [TEST_STEP][PASSED] - click(findTestObject("Admin_Menu/User_Management/Users/span_ESS")): Object: 'Object Repository/Admin_Menu/User_Management/Users/span_ESS' is clicked on

29-01-2024T23:12:14 - [MESSAGE][PASSED] - Object: 'Object Repository/Admin_Menu/User_Management/Users/span_ESS' is clicked on

29-01-2024T23:12:14 - [TEST_STEP][PASSED] - sendKeys(findTestObject("Admin_Menu/User_Management/Users/input_Employee_Name"), EMPLOYEE_NAME): Keys 'Odis Adalwin' sent to object: 'Object Repository/Admin_Menu/User_Management/Users/input_Employee_Name'

29-01-2024T23:12:15 - [MESSAGE][PASSED] - Keys 'Odis Adalwin' sent to object: 'Object Repository/Admin_Menu/User_Management/Users/input_Employee_Name'

29-01-2024T23:12:15 - [TEST_STEP][PASSED] - verifyElementVisible(findTestObject("Admin_Menu/User_Management/Users/span_Odis  Adalwin")): Object 'Object Repository/Admin_Menu/User_Management/Users/span_Odis  Adalwin' is visible

29-01-2024T23:12:17 - [MESSAGE][PASSED] - Object 'Object Repository/Admin_Menu/User_Management/Users/span_Odis  Adalwin' is visible

29-01-2024T23:12:17 - [TEST_STEP][PASSED] - click(findTestObject("Admin_Menu/User_Management/Users/span_Odis  Adalwin")): Object: 'Object Repository/Admin_Menu/User_Management/Users/span_Odis  Adalwin' is clicked on

29-01-2024T23:12:18 - [MESSAGE][PASSED] - Object: 'Object Repository/Admin_Menu/User_Management/Users/span_Odis  Adalwin' is clicked on

29-01-2024T23:12:18 - [TEST_STEP][PASSED] - click(findTestObject("Admin_Menu/User_Management/Users/dropdown_status")): Object: 'Object Repository/Admin_Menu/User_Management/Users/dropdown_status' is clicked on

29-01-2024T23:12:18 - [MESSAGE][PASSED] - Object: 'Object Repository/Admin_Menu/User_Management/Users/dropdown_status' is clicked on

29-01-2024T23:12:18 - [TEST_STEP][PASSED] - click(findTestObject("Admin_Menu/User_Management/Users/span_Disabled")): Object: 'Object Repository/Admin_Menu/User_Management/Users/span_Disabled' is clicked on

29-01-2024T23:12:19 - [MESSAGE][PASSED] - Object: 'Object Repository/Admin_Menu/User_Management/Users/span_Disabled' is clicked on

29-01-2024T23:12:19 - [TEST_STEP][PASSED] - click(findTestObject("Admin_Menu/User_Management/Users/button_Search")): Object: 'Object Repository/Admin_Menu/User_Management/Users/button_Search' is clicked on

29-01-2024T23:12:19 - [MESSAGE][PASSED] - Object: 'Object Repository/Admin_Menu/User_Management/Users/button_Search' is clicked on]]></system-out>
         <system-err><![CDATA[]]></system-err>
      </testcase>
      <testcase name="Test Cases/Features/Admin/Ensure Data User Updated" time="28.597" classname="Test Cases/Features/Admin/Ensure Data User Updated" status="PASSED">
         <system-out><![CDATA[29-01-2024T23:12:19 - [TEST_CASE][PASSED] - Test Cases/Features/Admin/Ensure Data User Updated: Test Cases/Features/Admin/Ensure Data User Updated

29-01-2024T23:12:20 - [TEST_STEP][PASSED] - callTestCase(findTestCase("Features/Admin/Search Updated User"), [:], STOP_ON_FAILURE): Call Test Case 'Test Cases/Features/Admin/Search Updated User' successfully

29-01-2024T23:12:20 - [TEST_CASE][PASSED] - Test Cases/Features/Admin/Search Updated User: Test Cases/Features/Admin/Search Updated User

29-01-2024T23:12:20 - [TEST_STEP][PASSED] - callTestCase(findTestCase("Features/Admin/TC_Admin_001_Access Admin Menu"), [:], STOP_ON_FAILURE): Call Test Case 'Test Cases/Features/Admin/TC_Admin_001_Access Admin Menu' successfully

29-01-2024T23:12:20 - [TEST_CASE][PASSED] - Test Cases/Features/Admin/TC_Admin_001_Access Admin Menu: Test Cases/Features/Admin/TC_Admin_001_Access Admin Menu

29-01-2024T23:12:20 - [TEST_STEP][PASSED] - callTestCase(findTestCase("Login/Login Valid Admin"), [:], STOP_ON_FAILURE): Call Test Case 'Test Cases/Login/Login Valid Admin' successfully

29-01-2024T23:12:20 - [TEST_CASE][PASSED] - Test Cases/Login/Login Valid Admin: Test Cases/Login/Login Valid Admin

29-01-2024T23:12:20 - [TEST_STEP][PASSED] - openBrowser(""): Browser is opened with url: ''

29-01-2024T23:12:20 - [MESSAGE][WARNING] - A browser is already opened. Closing browser and opening a new one

29-01-2024T23:12:20 - [MESSAGE][INFO] - Starting 'Chrome' driver

29-01-2024T23:12:20 - [MESSAGE][INFO] - Action delay is set to 0 milliseconds

29-01-2024T23:12:21 - [MESSAGE][PASSED] - Browser is opened with url: ''

29-01-2024T23:12:21 - [TEST_STEP][PASSED] - navigateToUrl(BASE_URL): Navigate to 'https://opensource-demo.orangehrmlive.com/web/index.php/auth/login' successfully

29-01-2024T23:12:29 - [MESSAGE][PASSED] - Navigate to 'https://opensource-demo.orangehrmlive.com/web/index.php/auth/login' successfully

29-01-2024T23:12:29 - [TEST_STEP][PASSED] - setText(findTestObject("Object Repository/Page_OrangeHRM/input_username"), G_USERNAME): Text 'Admin' is set on object 'Object Repository/Page_OrangeHRM/input_username'

29-01-2024T23:12:30 - [MESSAGE][PASSED] - Text 'Admin' is set on object 'Object Repository/Page_OrangeHRM/input_username'

29-01-2024T23:12:30 - [TEST_STEP][PASSED] - setEncryptedText(findTestObject("Object Repository/Page_OrangeHRM/input_password"), PASSWORD): Text ****** has been set on object 'Object Repository/Page_OrangeHRM/input_password'

29-01-2024T23:12:31 - [MESSAGE][PASSED] - Text ****** has been set on object 'Object Repository/Page_OrangeHRM/input_password'

29-01-2024T23:12:31 - [TEST_STEP][PASSED] - click(findTestObject("Object Repository/Page_OrangeHRM/button_Login")): Object: 'Object Repository/Page_OrangeHRM/button_Login' is clicked on

29-01-2024T23:12:33 - [MESSAGE][PASSED] - Object: 'Object Repository/Page_OrangeHRM/button_Login' is clicked on

29-01-2024T23:12:33 - [TEST_STEP][PASSED] - verifyElementVisible(findTestObject("Object Repository/Page_OrangeHRM/img_oxd-userdropdown-img")): Object 'Object Repository/Page_OrangeHRM/img_oxd-userdropdown-img' is visible

29-01-2024T23:12:36 - [MESSAGE][PASSED] - Object 'Object Repository/Page_OrangeHRM/img_oxd-userdropdown-img' is visible

29-01-2024T23:12:36 - [MESSAGE][PASSED] - Call Test Case 'Test Cases/Login/Login Valid Admin' successfully

29-01-2024T23:12:36 - [TEST_STEP][PASSED] - click(findTestObject("Object Repository/Page_OrangeHRM/a_Admin")): Object: 'Object Repository/Page_OrangeHRM/a_Admin' is clicked on

29-01-2024T23:12:37 - [MESSAGE][PASSED] - Object: 'Object Repository/Page_OrangeHRM/a_Admin' is clicked on

29-01-2024T23:12:37 - [TEST_STEP][PASSED] - verifyElementPresent(findTestObject("Object Repository/Page_OrangeHRM/h5_System Users"), 0): Object 'Object Repository/Page_OrangeHRM/h5_System Users' is present

29-01-2024T23:12:38 - [MESSAGE][WARNING] - Timeout '0' is invalid. Using default page load timeout: '30'

29-01-2024T23:12:39 - [MESSAGE][PASSED] - Object 'Object Repository/Page_OrangeHRM/h5_System Users' is present

29-01-2024T23:12:39 - [MESSAGE][PASSED] - Call Test Case 'Test Cases/Features/Admin/TC_Admin_001_Access Admin Menu' successfully

29-01-2024T23:12:39 - [TEST_STEP][PASSED] - sendKeys(findTestObject("Admin_Menu/User_Management/Users/input_Username"), USERNAME): Keys 'John Doe' sent to object: 'Object Repository/Admin_Menu/User_Management/Users/input_Username'

29-01-2024T23:12:40 - [MESSAGE][PASSED] - Keys 'John Doe' sent to object: 'Object Repository/Admin_Menu/User_Management/Users/input_Username'

29-01-2024T23:12:40 - [TEST_STEP][PASSED] - click(findTestObject("Admin_Menu/User_Management/Users/dropdown_user_role")): Object: 'Object Repository/Admin_Menu/User_Management/Users/dropdown_user_role' is clicked on

29-01-2024T23:12:40 - [MESSAGE][PASSED] - Object: 'Object Repository/Admin_Menu/User_Management/Users/dropdown_user_role' is clicked on

29-01-2024T23:12:40 - [TEST_STEP][PASSED] - click(findTestObject("Admin_Menu/User_Management/Users/span_ESS")): Object: 'Object Repository/Admin_Menu/User_Management/Users/span_ESS' is clicked on

29-01-2024T23:12:41 - [MESSAGE][PASSED] - Object: 'Object Repository/Admin_Menu/User_Management/Users/span_ESS' is clicked on

29-01-2024T23:12:41 - [TEST_STEP][PASSED] - sendKeys(findTestObject("Admin_Menu/User_Management/Users/input_Employee_Name"), EMPLOYEE_NAME): Keys 'Odis Adalwin' sent to object: 'Object Repository/Admin_Menu/User_Management/Users/input_Employee_Name'

29-01-2024T23:12:41 - [MESSAGE][PASSED] - Keys 'Odis Adalwin' sent to object: 'Object Repository/Admin_Menu/User_Management/Users/input_Employee_Name'

29-01-2024T23:12:41 - [TEST_STEP][PASSED] - verifyElementVisible(findTestObject("Admin_Menu/User_Management/Users/span_Odis  Adalwin")): Object 'Object Repository/Admin_Menu/User_Management/Users/span_Odis  Adalwin' is visible

29-01-2024T23:12:43 - [MESSAGE][PASSED] - Object 'Object Repository/Admin_Menu/User_Management/Users/span_Odis  Adalwin' is visible

29-01-2024T23:12:43 - [TEST_STEP][PASSED] - click(findTestObject("Admin_Menu/User_Management/Users/span_Odis  Adalwin")): Object: 'Object Repository/Admin_Menu/User_Management/Users/span_Odis  Adalwin' is clicked on

29-01-2024T23:12:44 - [MESSAGE][PASSED] - Object: 'Object Repository/Admin_Menu/User_Management/Users/span_Odis  Adalwin' is clicked on

29-01-2024T23:12:44 - [TEST_STEP][PASSED] - click(findTestObject("Admin_Menu/User_Management/Users/dropdown_status")): Object: 'Object Repository/Admin_Menu/User_Management/Users/dropdown_status' is clicked on

29-01-2024T23:12:45 - [MESSAGE][PASSED] - Object: 'Object Repository/Admin_Menu/User_Management/Users/dropdown_status' is clicked on

29-01-2024T23:12:45 - [TEST_STEP][PASSED] - click(findTestObject("Admin_Menu/User_Management/Users/span_Disabled")): Object: 'Object Repository/Admin_Menu/User_Management/Users/span_Disabled' is clicked on

29-01-2024T23:12:45 - [MESSAGE][PASSED] - Object: 'Object Repository/Admin_Menu/User_Management/Users/span_Disabled' is clicked on

29-01-2024T23:12:45 - [TEST_STEP][PASSED] - click(findTestObject("Admin_Menu/User_Management/Users/button_Search")): Object: 'Object Repository/Admin_Menu/User_Management/Users/button_Search' is clicked on

29-01-2024T23:12:46 - [MESSAGE][PASSED] - Object: 'Object Repository/Admin_Menu/User_Management/Users/button_Search' is clicked on

29-01-2024T23:12:46 - [MESSAGE][PASSED] - Call Test Case 'Test Cases/Features/Admin/Search Updated User' successfully

29-01-2024T23:12:46 - [TEST_STEP][PASSED] - verifyElementPresent(findTestObject("Admin_Menu/User_Management/Users/div_John Doe"), 0): Object 'Object Repository/Admin_Menu/User_Management/Users/div_John Doe' is present

29-01-2024T23:12:46 - [MESSAGE][WARNING] - Timeout '0' is invalid. Using default page load timeout: '30'

29-01-2024T23:12:47 - [MESSAGE][PASSED] - Object 'Object Repository/Admin_Menu/User_Management/Users/div_John Doe' is present

29-01-2024T23:12:47 - [TEST_STEP][PASSED] - verifyElementPresent(findTestObject("Admin_Menu/User_Management/Users/div_ESS"), 0): Object 'Object Repository/Admin_Menu/User_Management/Users/div_ESS' is present

29-01-2024T23:12:47 - [MESSAGE][WARNING] - Timeout '0' is invalid. Using default page load timeout: '30'

29-01-2024T23:12:47 - [MESSAGE][PASSED] - Object 'Object Repository/Admin_Menu/User_Management/Users/div_ESS' is present

29-01-2024T23:12:47 - [TEST_STEP][PASSED] - verifyElementPresent(findTestObject("Admin_Menu/User_Management/Users/div_Odis Adalwin"), 0): Object 'Object Repository/Admin_Menu/User_Management/Users/div_Odis Adalwin' is present

29-01-2024T23:12:47 - [MESSAGE][WARNING] - Timeout '0' is invalid. Using default page load timeout: '30'

29-01-2024T23:12:48 - [MESSAGE][PASSED] - Object 'Object Repository/Admin_Menu/User_Management/Users/div_Odis Adalwin' is present

29-01-2024T23:12:48 - [TEST_STEP][PASSED] - verifyElementPresent(findTestObject("Admin_Menu/User_Management/Users/div_Disable"), 0): Object 'Object Repository/Admin_Menu/User_Management/Users/div_Disable' is present

29-01-2024T23:12:48 - [MESSAGE][WARNING] - Timeout '0' is invalid. Using default page load timeout: '30'

29-01-2024T23:12:48 - [MESSAGE][PASSED] - Object 'Object Repository/Admin_Menu/User_Management/Users/div_Disable' is present]]></system-out>
         <system-err><![CDATA[]]></system-err>
      </testcase>
      <testcase name="Test Cases/Features/Admin/Delete User" time="60.263" classname="Test Cases/Features/Admin/Delete User" status="PASSED">
         <system-out><![CDATA[29-01-2024T23:12:48 - [TEST_CASE][PASSED] - Test Cases/Features/Admin/Delete User: Test Cases/Features/Admin/Delete User

29-01-2024T23:12:48 - [TEST_STEP][PASSED] - callTestCase(findTestCase("Features/Admin/Ensure Data User Updated"), [:], STOP_ON_FAILURE): Call Test Case 'Test Cases/Features/Admin/Ensure Data User Updated' successfully

29-01-2024T23:12:49 - [TEST_CASE][PASSED] - Test Cases/Features/Admin/Ensure Data User Updated: Test Cases/Features/Admin/Ensure Data User Updated

29-01-2024T23:12:49 - [TEST_STEP][PASSED] - callTestCase(findTestCase("Features/Admin/Search Updated User"), [:], STOP_ON_FAILURE): Call Test Case 'Test Cases/Features/Admin/Search Updated User' successfully

29-01-2024T23:12:49 - [TEST_CASE][PASSED] - Test Cases/Features/Admin/Search Updated User: Test Cases/Features/Admin/Search Updated User

29-01-2024T23:12:49 - [TEST_STEP][PASSED] - callTestCase(findTestCase("Features/Admin/TC_Admin_001_Access Admin Menu"), [:], STOP_ON_FAILURE): Call Test Case 'Test Cases/Features/Admin/TC_Admin_001_Access Admin Menu' successfully

29-01-2024T23:12:49 - [TEST_CASE][PASSED] - Test Cases/Features/Admin/TC_Admin_001_Access Admin Menu: Test Cases/Features/Admin/TC_Admin_001_Access Admin Menu

29-01-2024T23:12:49 - [TEST_STEP][PASSED] - callTestCase(findTestCase("Login/Login Valid Admin"), [:], STOP_ON_FAILURE): Call Test Case 'Test Cases/Login/Login Valid Admin' successfully

29-01-2024T23:12:49 - [TEST_CASE][PASSED] - Test Cases/Login/Login Valid Admin: Test Cases/Login/Login Valid Admin

29-01-2024T23:12:49 - [TEST_STEP][PASSED] - openBrowser(""): Browser is opened with url: ''

29-01-2024T23:12:49 - [MESSAGE][WARNING] - A browser is already opened. Closing browser and opening a new one

29-01-2024T23:12:49 - [MESSAGE][INFO] - Starting 'Chrome' driver

29-01-2024T23:12:49 - [MESSAGE][INFO] - Action delay is set to 0 milliseconds

29-01-2024T23:12:50 - [MESSAGE][PASSED] - Browser is opened with url: ''

29-01-2024T23:12:50 - [TEST_STEP][PASSED] - navigateToUrl(BASE_URL): Navigate to 'https://opensource-demo.orangehrmlive.com/web/index.php/auth/login' successfully

29-01-2024T23:12:56 - [MESSAGE][PASSED] - Navigate to 'https://opensource-demo.orangehrmlive.com/web/index.php/auth/login' successfully

29-01-2024T23:12:56 - [TEST_STEP][PASSED] - setText(findTestObject("Object Repository/Page_OrangeHRM/input_username"), G_USERNAME): Text 'Admin' is set on object 'Object Repository/Page_OrangeHRM/input_username'

29-01-2024T23:12:58 - [MESSAGE][PASSED] - Text 'Admin' is set on object 'Object Repository/Page_OrangeHRM/input_username'

29-01-2024T23:12:58 - [TEST_STEP][PASSED] - setEncryptedText(findTestObject("Object Repository/Page_OrangeHRM/input_password"), PASSWORD): Text ****** has been set on object 'Object Repository/Page_OrangeHRM/input_password'

29-01-2024T23:12:59 - [MESSAGE][PASSED] - Text ****** has been set on object 'Object Repository/Page_OrangeHRM/input_password'

29-01-2024T23:12:59 - [TEST_STEP][PASSED] - click(findTestObject("Object Repository/Page_OrangeHRM/button_Login")): Object: 'Object Repository/Page_OrangeHRM/button_Login' is clicked on

29-01-2024T23:12:59 - [MESSAGE][PASSED] - Object: 'Object Repository/Page_OrangeHRM/button_Login' is clicked on

29-01-2024T23:12:59 - [TEST_STEP][PASSED] - verifyElementVisible(findTestObject("Object Repository/Page_OrangeHRM/img_oxd-userdropdown-img")): Object 'Object Repository/Page_OrangeHRM/img_oxd-userdropdown-img' is visible

29-01-2024T23:13:04 - [MESSAGE][PASSED] - Object 'Object Repository/Page_OrangeHRM/img_oxd-userdropdown-img' is visible

29-01-2024T23:13:04 - [MESSAGE][PASSED] - Call Test Case 'Test Cases/Login/Login Valid Admin' successfully

29-01-2024T23:13:04 - [TEST_STEP][PASSED] - click(findTestObject("Object Repository/Page_OrangeHRM/a_Admin")): Object: 'Object Repository/Page_OrangeHRM/a_Admin' is clicked on

29-01-2024T23:13:06 - [MESSAGE][PASSED] - Object: 'Object Repository/Page_OrangeHRM/a_Admin' is clicked on

29-01-2024T23:13:06 - [TEST_STEP][PASSED] - verifyElementPresent(findTestObject("Object Repository/Page_OrangeHRM/h5_System Users"), 0): Object 'Object Repository/Page_OrangeHRM/h5_System Users' is present

29-01-2024T23:13:06 - [MESSAGE][WARNING] - Timeout '0' is invalid. Using default page load timeout: '30'

29-01-2024T23:13:07 - [MESSAGE][PASSED] - Object 'Object Repository/Page_OrangeHRM/h5_System Users' is present

29-01-2024T23:13:07 - [MESSAGE][PASSED] - Call Test Case 'Test Cases/Features/Admin/TC_Admin_001_Access Admin Menu' successfully

29-01-2024T23:13:07 - [TEST_STEP][PASSED] - sendKeys(findTestObject("Admin_Menu/User_Management/Users/input_Username"), USERNAME): Keys 'John Doe' sent to object: 'Object Repository/Admin_Menu/User_Management/Users/input_Username'

29-01-2024T23:13:08 - [MESSAGE][PASSED] - Keys 'John Doe' sent to object: 'Object Repository/Admin_Menu/User_Management/Users/input_Username'

29-01-2024T23:13:08 - [TEST_STEP][PASSED] - click(findTestObject("Admin_Menu/User_Management/Users/dropdown_user_role")): Object: 'Object Repository/Admin_Menu/User_Management/Users/dropdown_user_role' is clicked on

29-01-2024T23:13:08 - [MESSAGE][PASSED] - Object: 'Object Repository/Admin_Menu/User_Management/Users/dropdown_user_role' is clicked on

29-01-2024T23:13:08 - [TEST_STEP][PASSED] - click(findTestObject("Admin_Menu/User_Management/Users/span_ESS")): Object: 'Object Repository/Admin_Menu/User_Management/Users/span_ESS' is clicked on

29-01-2024T23:13:09 - [MESSAGE][PASSED] - Object: 'Object Repository/Admin_Menu/User_Management/Users/span_ESS' is clicked on

29-01-2024T23:13:09 - [TEST_STEP][PASSED] - sendKeys(findTestObject("Admin_Menu/User_Management/Users/input_Employee_Name"), EMPLOYEE_NAME): Keys 'Odis Adalwin' sent to object: 'Object Repository/Admin_Menu/User_Management/Users/input_Employee_Name'

29-01-2024T23:13:09 - [MESSAGE][PASSED] - Keys 'Odis Adalwin' sent to object: 'Object Repository/Admin_Menu/User_Management/Users/input_Employee_Name'

29-01-2024T23:13:09 - [TEST_STEP][PASSED] - verifyElementVisible(findTestObject("Admin_Menu/User_Management/Users/span_Odis  Adalwin")): Object 'Object Repository/Admin_Menu/User_Management/Users/span_Odis  Adalwin' is visible

29-01-2024T23:13:11 - [MESSAGE][PASSED] - Object 'Object Repository/Admin_Menu/User_Management/Users/span_Odis  Adalwin' is visible

29-01-2024T23:13:11 - [TEST_STEP][PASSED] - click(findTestObject("Admin_Menu/User_Management/Users/span_Odis  Adalwin")): Object: 'Object Repository/Admin_Menu/User_Management/Users/span_Odis  Adalwin' is clicked on

29-01-2024T23:13:12 - [MESSAGE][PASSED] - Object: 'Object Repository/Admin_Menu/User_Management/Users/span_Odis  Adalwin' is clicked on

29-01-2024T23:13:12 - [TEST_STEP][PASSED] - click(findTestObject("Admin_Menu/User_Management/Users/dropdown_status")): Object: 'Object Repository/Admin_Menu/User_Management/Users/dropdown_status' is clicked on

29-01-2024T23:13:12 - [MESSAGE][PASSED] - Object: 'Object Repository/Admin_Menu/User_Management/Users/dropdown_status' is clicked on

29-01-2024T23:13:12 - [TEST_STEP][PASSED] - click(findTestObject("Admin_Menu/User_Management/Users/span_Disabled")): Object: 'Object Repository/Admin_Menu/User_Management/Users/span_Disabled' is clicked on

29-01-2024T23:13:13 - [MESSAGE][PASSED] - Object: 'Object Repository/Admin_Menu/User_Management/Users/span_Disabled' is clicked on

29-01-2024T23:13:13 - [TEST_STEP][PASSED] - click(findTestObject("Admin_Menu/User_Management/Users/button_Search")): Object: 'Object Repository/Admin_Menu/User_Management/Users/button_Search' is clicked on

29-01-2024T23:13:13 - [MESSAGE][PASSED] - Object: 'Object Repository/Admin_Menu/User_Management/Users/button_Search' is clicked on

29-01-2024T23:13:13 - [MESSAGE][PASSED] - Call Test Case 'Test Cases/Features/Admin/Search Updated User' successfully

29-01-2024T23:13:13 - [TEST_STEP][PASSED] - verifyElementPresent(findTestObject("Admin_Menu/User_Management/Users/div_John Doe"), 0): Object 'Object Repository/Admin_Menu/User_Management/Users/div_John Doe' is present

29-01-2024T23:13:14 - [MESSAGE][WARNING] - Timeout '0' is invalid. Using default page load timeout: '30'

29-01-2024T23:13:14 - [MESSAGE][PASSED] - Object 'Object Repository/Admin_Menu/User_Management/Users/div_John Doe' is present

29-01-2024T23:13:14 - [TEST_STEP][PASSED] - verifyElementPresent(findTestObject("Admin_Menu/User_Management/Users/div_ESS"), 0): Object 'Object Repository/Admin_Menu/User_Management/Users/div_ESS' is present

29-01-2024T23:13:15 - [MESSAGE][WARNING] - Timeout '0' is invalid. Using default page load timeout: '30'

29-01-2024T23:13:15 - [MESSAGE][PASSED] - Object 'Object Repository/Admin_Menu/User_Management/Users/div_ESS' is present

29-01-2024T23:13:15 - [TEST_STEP][PASSED] - verifyElementPresent(findTestObject("Admin_Menu/User_Management/Users/div_Odis Adalwin"), 0): Object 'Object Repository/Admin_Menu/User_Management/Users/div_Odis Adalwin' is present

29-01-2024T23:13:15 - [MESSAGE][WARNING] - Timeout '0' is invalid. Using default page load timeout: '30'

29-01-2024T23:13:15 - [MESSAGE][PASSED] - Object 'Object Repository/Admin_Menu/User_Management/Users/div_Odis Adalwin' is present

29-01-2024T23:13:15 - [TEST_STEP][PASSED] - verifyElementPresent(findTestObject("Admin_Menu/User_Management/Users/div_Disable"), 0): Object 'Object Repository/Admin_Menu/User_Management/Users/div_Disable' is present

29-01-2024T23:13:15 - [MESSAGE][WARNING] - Timeout '0' is invalid. Using default page load timeout: '30'

29-01-2024T23:13:16 - [MESSAGE][PASSED] - Object 'Object Repository/Admin_Menu/User_Management/Users/div_Disable' is present

29-01-2024T23:13:16 - [MESSAGE][PASSED] - Call Test Case 'Test Cases/Features/Admin/Ensure Data User Updated' successfully

29-01-2024T23:13:16 - [TEST_STEP][PASSED] - click(findTestObject("Admin_Menu/User_Management/Users/btn_i_Enabled_oxd-icon bi-trash")): Object: 'Object Repository/Admin_Menu/User_Management/Users/btn_i_Enabled_oxd-icon bi-trash' is clicked on

29-01-2024T23:13:16 - [MESSAGE][PASSED] - Object: 'Object Repository/Admin_Menu/User_Management/Users/btn_i_Enabled_oxd-icon bi-trash' is clicked on

29-01-2024T23:13:16 - [TEST_STEP][PASSED] - verifyElementVisible(findTestObject("Admin_Menu/User_Management/Users/div_modals_delete")): Object 'Object Repository/Admin_Menu/User_Management/Users/div_modals_delete' is visible

29-01-2024T23:13:17 - [MESSAGE][PASSED] - Object 'Object Repository/Admin_Menu/User_Management/Users/div_modals_delete' is visible

29-01-2024T23:13:17 - [TEST_STEP][PASSED] - click(findTestObject("Admin_Menu/User_Management/Users/button_Yes, Delete")): Object: 'Object Repository/Admin_Menu/User_Management/Users/button_Yes, Delete' is clicked on

29-01-2024T23:13:48 - [MESSAGE][INFO] - Unable to find the element located by 'By.xpath: (//button[@type='button'])[110]'. Please recheck the objects properties to make sure the desired element is located. 

29-01-2024T23:13:48 - [MESSAGE][WARNING] - [SELF-HEALING] Failed to find element with id 'Object Repository/Admin_Menu/User_Management/Users/button_Yes, Delete'. Try using Self-healing.

29-01-2024T23:13:48 - [MESSAGE][WARNING] - [SELF-HEALING] The current locator of test object 'Object Repository/Admin_Menu/User_Management/Users/button_Yes, Delete' was broken. Propose an alternative one: '//div[@id='app']/div[3]/div/div/div/div[3]/button[2]'.

29-01-2024T23:13:48 - [MESSAGE][PASSED] - Object: 'Object Repository/Admin_Menu/User_Management/Users/button_Yes, Delete' is clicked on]]></system-out>
         <system-err><![CDATA[]]></system-err>
      </testcase>
      <testcase name="Test Cases/Features/Admin/Ensure User Deleted" time="30.069" classname="Test Cases/Features/Admin/Ensure User Deleted" status="PASSED">
         <system-out><![CDATA[29-01-2024T23:13:48 - [TEST_CASE][PASSED] - Test Cases/Features/Admin/Ensure User Deleted: Test Cases/Features/Admin/Ensure User Deleted

29-01-2024T23:13:49 - [TEST_STEP][PASSED] - callTestCase(findTestCase("Features/Admin/Search Updated User"), [:], STOP_ON_FAILURE): Call Test Case 'Test Cases/Features/Admin/Search Updated User' successfully

29-01-2024T23:13:49 - [TEST_CASE][PASSED] - Test Cases/Features/Admin/Search Updated User: Test Cases/Features/Admin/Search Updated User

29-01-2024T23:13:49 - [TEST_STEP][PASSED] - callTestCase(findTestCase("Features/Admin/TC_Admin_001_Access Admin Menu"), [:], STOP_ON_FAILURE): Call Test Case 'Test Cases/Features/Admin/TC_Admin_001_Access Admin Menu' successfully

29-01-2024T23:13:49 - [TEST_CASE][PASSED] - Test Cases/Features/Admin/TC_Admin_001_Access Admin Menu: Test Cases/Features/Admin/TC_Admin_001_Access Admin Menu

29-01-2024T23:13:49 - [TEST_STEP][PASSED] - callTestCase(findTestCase("Login/Login Valid Admin"), [:], STOP_ON_FAILURE): Call Test Case 'Test Cases/Login/Login Valid Admin' successfully

29-01-2024T23:13:49 - [TEST_CASE][PASSED] - Test Cases/Login/Login Valid Admin: Test Cases/Login/Login Valid Admin

29-01-2024T23:13:49 - [TEST_STEP][PASSED] - openBrowser(""): Browser is opened with url: ''

29-01-2024T23:13:49 - [MESSAGE][WARNING] - A browser is already opened. Closing browser and opening a new one

29-01-2024T23:13:49 - [MESSAGE][INFO] - Starting 'Chrome' driver

29-01-2024T23:13:49 - [MESSAGE][INFO] - Action delay is set to 0 milliseconds

29-01-2024T23:13:51 - [MESSAGE][PASSED] - Browser is opened with url: ''

29-01-2024T23:13:51 - [TEST_STEP][PASSED] - navigateToUrl(BASE_URL): Navigate to 'https://opensource-demo.orangehrmlive.com/web/index.php/auth/login' successfully

29-01-2024T23:13:58 - [MESSAGE][PASSED] - Navigate to 'https://opensource-demo.orangehrmlive.com/web/index.php/auth/login' successfully

29-01-2024T23:13:58 - [TEST_STEP][PASSED] - setText(findTestObject("Object Repository/Page_OrangeHRM/input_username"), G_USERNAME): Text 'Admin' is set on object 'Object Repository/Page_OrangeHRM/input_username'

29-01-2024T23:14:00 - [MESSAGE][PASSED] - Text 'Admin' is set on object 'Object Repository/Page_OrangeHRM/input_username'

29-01-2024T23:14:00 - [TEST_STEP][PASSED] - setEncryptedText(findTestObject("Object Repository/Page_OrangeHRM/input_password"), PASSWORD): Text ****** has been set on object 'Object Repository/Page_OrangeHRM/input_password'

29-01-2024T23:14:00 - [MESSAGE][PASSED] - Text ****** has been set on object 'Object Repository/Page_OrangeHRM/input_password'

29-01-2024T23:14:00 - [TEST_STEP][PASSED] - click(findTestObject("Object Repository/Page_OrangeHRM/button_Login")): Object: 'Object Repository/Page_OrangeHRM/button_Login' is clicked on

29-01-2024T23:14:02 - [MESSAGE][PASSED] - Object: 'Object Repository/Page_OrangeHRM/button_Login' is clicked on

29-01-2024T23:14:02 - [TEST_STEP][PASSED] - verifyElementVisible(findTestObject("Object Repository/Page_OrangeHRM/img_oxd-userdropdown-img")): Object 'Object Repository/Page_OrangeHRM/img_oxd-userdropdown-img' is visible

29-01-2024T23:14:06 - [MESSAGE][PASSED] - Object 'Object Repository/Page_OrangeHRM/img_oxd-userdropdown-img' is visible

29-01-2024T23:14:06 - [MESSAGE][PASSED] - Call Test Case 'Test Cases/Login/Login Valid Admin' successfully

29-01-2024T23:14:06 - [TEST_STEP][PASSED] - click(findTestObject("Object Repository/Page_OrangeHRM/a_Admin")): Object: 'Object Repository/Page_OrangeHRM/a_Admin' is clicked on

29-01-2024T23:14:08 - [MESSAGE][PASSED] - Object: 'Object Repository/Page_OrangeHRM/a_Admin' is clicked on

29-01-2024T23:14:08 - [TEST_STEP][PASSED] - verifyElementPresent(findTestObject("Object Repository/Page_OrangeHRM/h5_System Users"), 0): Object 'Object Repository/Page_OrangeHRM/h5_System Users' is present

29-01-2024T23:14:08 - [MESSAGE][WARNING] - Timeout '0' is invalid. Using default page load timeout: '30'

29-01-2024T23:14:10 - [MESSAGE][PASSED] - Object 'Object Repository/Page_OrangeHRM/h5_System Users' is present

29-01-2024T23:14:10 - [MESSAGE][PASSED] - Call Test Case 'Test Cases/Features/Admin/TC_Admin_001_Access Admin Menu' successfully

29-01-2024T23:14:10 - [TEST_STEP][PASSED] - sendKeys(findTestObject("Admin_Menu/User_Management/Users/input_Username"), USERNAME): Keys 'John Doe' sent to object: 'Object Repository/Admin_Menu/User_Management/Users/input_Username'

29-01-2024T23:14:11 - [MESSAGE][PASSED] - Keys 'John Doe' sent to object: 'Object Repository/Admin_Menu/User_Management/Users/input_Username'

29-01-2024T23:14:11 - [TEST_STEP][PASSED] - click(findTestObject("Admin_Menu/User_Management/Users/dropdown_user_role")): Object: 'Object Repository/Admin_Menu/User_Management/Users/dropdown_user_role' is clicked on

29-01-2024T23:14:11 - [MESSAGE][PASSED] - Object: 'Object Repository/Admin_Menu/User_Management/Users/dropdown_user_role' is clicked on

29-01-2024T23:14:11 - [TEST_STEP][PASSED] - click(findTestObject("Admin_Menu/User_Management/Users/span_ESS")): Object: 'Object Repository/Admin_Menu/User_Management/Users/span_ESS' is clicked on

29-01-2024T23:14:12 - [MESSAGE][PASSED] - Object: 'Object Repository/Admin_Menu/User_Management/Users/span_ESS' is clicked on

29-01-2024T23:14:12 - [TEST_STEP][PASSED] - sendKeys(findTestObject("Admin_Menu/User_Management/Users/input_Employee_Name"), EMPLOYEE_NAME): Keys 'Odis Adalwin' sent to object: 'Object Repository/Admin_Menu/User_Management/Users/input_Employee_Name'

29-01-2024T23:14:12 - [MESSAGE][PASSED] - Keys 'Odis Adalwin' sent to object: 'Object Repository/Admin_Menu/User_Management/Users/input_Employee_Name'

29-01-2024T23:14:12 - [TEST_STEP][PASSED] - verifyElementVisible(findTestObject("Admin_Menu/User_Management/Users/span_Odis  Adalwin")): Object 'Object Repository/Admin_Menu/User_Management/Users/span_Odis  Adalwin' is visible

29-01-2024T23:14:14 - [MESSAGE][PASSED] - Object 'Object Repository/Admin_Menu/User_Management/Users/span_Odis  Adalwin' is visible

29-01-2024T23:14:14 - [TEST_STEP][PASSED] - click(findTestObject("Admin_Menu/User_Management/Users/span_Odis  Adalwin")): Object: 'Object Repository/Admin_Menu/User_Management/Users/span_Odis  Adalwin' is clicked on

29-01-2024T23:14:15 - [MESSAGE][PASSED] - Object: 'Object Repository/Admin_Menu/User_Management/Users/span_Odis  Adalwin' is clicked on

29-01-2024T23:14:15 - [TEST_STEP][PASSED] - click(findTestObject("Admin_Menu/User_Management/Users/dropdown_status")): Object: 'Object Repository/Admin_Menu/User_Management/Users/dropdown_status' is clicked on

29-01-2024T23:14:15 - [MESSAGE][PASSED] - Object: 'Object Repository/Admin_Menu/User_Management/Users/dropdown_status' is clicked on

29-01-2024T23:14:15 - [TEST_STEP][PASSED] - click(findTestObject("Admin_Menu/User_Management/Users/span_Disabled")): Object: 'Object Repository/Admin_Menu/User_Management/Users/span_Disabled' is clicked on

29-01-2024T23:14:16 - [MESSAGE][PASSED] - Object: 'Object Repository/Admin_Menu/User_Management/Users/span_Disabled' is clicked on

29-01-2024T23:14:16 - [TEST_STEP][PASSED] - click(findTestObject("Admin_Menu/User_Management/Users/button_Search")): Object: 'Object Repository/Admin_Menu/User_Management/Users/button_Search' is clicked on

29-01-2024T23:14:17 - [MESSAGE][PASSED] - Object: 'Object Repository/Admin_Menu/User_Management/Users/button_Search' is clicked on

29-01-2024T23:14:17 - [MESSAGE][PASSED] - Call Test Case 'Test Cases/Features/Admin/Search Updated User' successfully

29-01-2024T23:14:17 - [TEST_STEP][PASSED] - verifyElementVisible(findTestObject("Admin_Menu/User_Management/Users/div_InfoNo Records Found")): Object 'Object Repository/Admin_Menu/User_Management/Users/div_InfoNo Records Found' is visible

29-01-2024T23:14:18 - [MESSAGE][PASSED] - Object 'Object Repository/Admin_Menu/User_Management/Users/div_InfoNo Records Found' is visible]]></system-out>
         <system-err><![CDATA[]]></system-err>
      </testcase>
      <system-out><![CDATA[29-01-2024T23:08:35 - [TEST_SUITE][PASSED] - User Management: Test Cases/Features/Admin/Ensure User Deleted]]></system-out>
      <system-err><![CDATA[]]></system-err>
   </testsuite>
</testsuites>
